   0  $accept : Program $end

   1  Program : ClassList

   2  ClassList : ClassList ClassDef
   3            | ClassDef

   4  VariableDef : Variable ';'

   5  Variable : Type IDENTIFIER

   6  Type : INT
   7       | VOID
   8       | BOOL
   9       | STRING
  10       | CLASS IDENTIFIER
  11       | Type '[' ']'

  12  ClassDef : CLASS IDENTIFIER ExtendsClause '{' FieldList '}'

  13  ExtendsClause : EXTENDS IDENTIFIER
  14                |

  15  FieldList : FieldList VariableDef
  16            | FieldList FunctionDef
  17            |

  18  Formals : VariableList
  19          |

  20  VariableList : VariableList ',' Variable
  21               | Variable

  22  FunctionDef : STATIC Type IDENTIFIER '(' Formals ')' StmtBlock
  23              | Type IDENTIFIER '(' Formals ')' StmtBlock

  24  StmtBlock : '{' StmtList '}'

  25  StmtList : StmtList Stmt
  26           |

  27  Stmt : VariableDef
  28       | SimpleStmt ';'
  29       | IfStmt
  30       | WhileStmt
  31       | ForStmt
  32       | ReturnStmt ';'
  33       | PrintStmt ';'
  34       | BreakStmt ';'
  35       | StmtBlock
  36       | GuardedIfStmt
  37       | GuardedDoStmt

  38  GuardedIfStmt : IF GuardedStmts FI

  39  GuardedDoStmt : DO GuardedStmts OD

  40  GuardedStmts : GuardedStmts GUARD Expr ':' Stmt
  41               | Expr ':' Stmt

  42  SimpleStmt : LValue '=' Expr
  43             | Call
  44             |

  45  Receiver : Expr '.'
  46           |

  47  LValue : Receiver IDENTIFIER
  48         | Expr '[' Expr ']'

  49  Call : Receiver IDENTIFIER '(' Actuals ')'

  50  Expr : LValue
  51       | Call
  52       | Constant
  53       | Expr '+' Expr
  54       | Expr '-' Expr
  55       | Expr '*' Expr
  56       | Expr '/' Expr
  57       | Expr '%' Expr
  58       | Expr EQUAL Expr
  59       | Expr NOT_EQUAL Expr
  60       | Expr '<' Expr
  61       | Expr '>' Expr
  62       | Expr LESS_EQUAL Expr
  63       | Expr GREATER_EQUAL Expr
  64       | Expr AND Expr
  65       | Expr OR Expr
  66       | '(' Expr ')'
  67       | Expr PLUS_PLUS
  68       | PLUS_PLUS Expr
  69       | Expr MINUS_MINUS
  70       | MINUS_MINUS Expr
  71       | NUMINSTANCES '(' IDENTIFIER ')'
  72       | '-' Expr
  73       | '!' Expr
  74       | Expr '?' Expr ':' Expr
  75       | READ_INTEGER '(' ')'
  76       | READ_LINE '(' ')'
  77       | THIS
  78       | NEW IDENTIFIER '(' ')'
  79       | NEW Type '[' Expr ']'
  80       | INSTANCEOF '(' Expr ',' IDENTIFIER ')'
  81       | '(' CLASS IDENTIFIER ')' Expr

  82  Constant : LITERAL
  83           | NULL

  84  Actuals : ExprList
  85          |

  86  ExprList : ExprList ',' Expr
  87           | Expr

  88  WhileStmt : WHILE '(' Expr ')' Stmt

  89  ForStmt : FOR '(' SimpleStmt ';' Expr ';' SimpleStmt ')' Stmt

  90  BreakStmt : BREAK

  91  IfStmt : IF '(' Expr ')' Stmt ElseClause

  92  ElseClause : ELSE Stmt
  93             |

  94  ReturnStmt : RETURN Expr
  95             | RETURN

  96  PrintStmt : PRINT '(' ExprList ')'

state 0
	$accept : . Program $end  (0)

	CLASS  shift 1
	.  error

	Program  goto 2
	ClassList  goto 3
	ClassDef  goto 4


state 1
	ClassDef : CLASS . IDENTIFIER ExtendsClause '{' FieldList '}'  (12)

	IDENTIFIER  shift 5
	.  error


state 2
	$accept : Program . $end  (0)

	$end  accept


state 3
	Program : ClassList .  (1)
	ClassList : ClassList . ClassDef  (2)

	CLASS  shift 1
	$end  reduce 1

	ClassDef  goto 6


state 4
	ClassList : ClassDef .  (3)

	.  reduce 3


state 5
	ClassDef : CLASS IDENTIFIER . ExtendsClause '{' FieldList '}'  (12)
	ExtendsClause : .  (14)

	EXTENDS  shift 7
	'{'  reduce 14

	ExtendsClause  goto 8


state 6
	ClassList : ClassList ClassDef .  (2)

	.  reduce 2


state 7
	ExtendsClause : EXTENDS . IDENTIFIER  (13)

	IDENTIFIER  shift 9
	.  error


state 8
	ClassDef : CLASS IDENTIFIER ExtendsClause . '{' FieldList '}'  (12)

	'{'  shift 10
	.  error


state 9
	ExtendsClause : EXTENDS IDENTIFIER .  (13)

	.  reduce 13


state 10
	ClassDef : CLASS IDENTIFIER ExtendsClause '{' . FieldList '}'  (12)
	FieldList : .  (17)

	.  reduce 17

	FieldList  goto 11


state 11
	ClassDef : CLASS IDENTIFIER ExtendsClause '{' FieldList . '}'  (12)
	FieldList : FieldList . VariableDef  (15)
	FieldList : FieldList . FunctionDef  (16)

	VOID  shift 12
	BOOL  shift 13
	INT  shift 14
	STRING  shift 15
	CLASS  shift 16
	STATIC  shift 17
	'}'  shift 18
	.  error

	VariableDef  goto 19
	Variable  goto 20
	Type  goto 21
	FunctionDef  goto 22


state 12
	Type : VOID .  (7)

	.  reduce 7


state 13
	Type : BOOL .  (8)

	.  reduce 8


state 14
	Type : INT .  (6)

	.  reduce 6


state 15
	Type : STRING .  (9)

	.  reduce 9


state 16
	Type : CLASS . IDENTIFIER  (10)

	IDENTIFIER  shift 23
	.  error


state 17
	FunctionDef : STATIC . Type IDENTIFIER '(' Formals ')' StmtBlock  (22)

	VOID  shift 12
	BOOL  shift 13
	INT  shift 14
	STRING  shift 15
	CLASS  shift 16
	.  error

	Type  goto 24


state 18
	ClassDef : CLASS IDENTIFIER ExtendsClause '{' FieldList '}' .  (12)

	.  reduce 12


state 19
	FieldList : FieldList VariableDef .  (15)

	.  reduce 15


state 20
	VariableDef : Variable . ';'  (4)

	';'  shift 25
	.  error


state 21
	Variable : Type . IDENTIFIER  (5)
	Type : Type . '[' ']'  (11)
	FunctionDef : Type . IDENTIFIER '(' Formals ')' StmtBlock  (23)

	IDENTIFIER  shift 26
	'['  shift 27
	.  error


state 22
	FieldList : FieldList FunctionDef .  (16)

	.  reduce 16


state 23
	Type : CLASS IDENTIFIER .  (10)

	.  reduce 10


state 24
	Type : Type . '[' ']'  (11)
	FunctionDef : STATIC Type . IDENTIFIER '(' Formals ')' StmtBlock  (22)

	IDENTIFIER  shift 28
	'['  shift 27
	.  error


state 25
	VariableDef : Variable ';' .  (4)

	.  reduce 4


state 26
	Variable : Type IDENTIFIER .  (5)
	FunctionDef : Type IDENTIFIER . '(' Formals ')' StmtBlock  (23)

	'('  shift 29
	';'  reduce 5


state 27
	Type : Type '[' . ']'  (11)

	']'  shift 30
	.  error


state 28
	FunctionDef : STATIC Type IDENTIFIER . '(' Formals ')' StmtBlock  (22)

	'('  shift 31
	.  error


state 29
	FunctionDef : Type IDENTIFIER '(' . Formals ')' StmtBlock  (23)
	Formals : .  (19)

	VOID  shift 12
	BOOL  shift 13
	INT  shift 14
	STRING  shift 15
	CLASS  shift 16
	')'  reduce 19

	Variable  goto 32
	Type  goto 33
	Formals  goto 34
	VariableList  goto 35


state 30
	Type : Type '[' ']' .  (11)

	.  reduce 11


state 31
	FunctionDef : STATIC Type IDENTIFIER '(' . Formals ')' StmtBlock  (22)
	Formals : .  (19)

	VOID  shift 12
	BOOL  shift 13
	INT  shift 14
	STRING  shift 15
	CLASS  shift 16
	')'  reduce 19

	Variable  goto 32
	Type  goto 33
	Formals  goto 36
	VariableList  goto 35


state 32
	VariableList : Variable .  (21)

	.  reduce 21


state 33
	Variable : Type . IDENTIFIER  (5)
	Type : Type . '[' ']'  (11)

	IDENTIFIER  shift 37
	'['  shift 27
	.  error


state 34
	FunctionDef : Type IDENTIFIER '(' Formals . ')' StmtBlock  (23)

	')'  shift 38
	.  error


state 35
	Formals : VariableList .  (18)
	VariableList : VariableList . ',' Variable  (20)

	','  shift 39
	')'  reduce 18


state 36
	FunctionDef : STATIC Type IDENTIFIER '(' Formals . ')' StmtBlock  (22)

	')'  shift 40
	.  error


state 37
	Variable : Type IDENTIFIER .  (5)

	.  reduce 5


state 38
	FunctionDef : Type IDENTIFIER '(' Formals ')' . StmtBlock  (23)

	'{'  shift 41
	.  error

	StmtBlock  goto 42


state 39
	VariableList : VariableList ',' . Variable  (20)

	VOID  shift 12
	BOOL  shift 13
	INT  shift 14
	STRING  shift 15
	CLASS  shift 16
	.  error

	Variable  goto 43
	Type  goto 33


state 40
	FunctionDef : STATIC Type IDENTIFIER '(' Formals ')' . StmtBlock  (22)

	'{'  shift 41
	.  error

	StmtBlock  goto 44


state 41
	StmtBlock : '{' . StmtList '}'  (24)
	StmtList : .  (26)

	.  reduce 26

	StmtList  goto 45


state 42
	FunctionDef : Type IDENTIFIER '(' Formals ')' StmtBlock .  (23)

	.  reduce 23


state 43
	VariableList : VariableList ',' Variable .  (20)

	.  reduce 20


state 44
	FunctionDef : STATIC Type IDENTIFIER '(' Formals ')' StmtBlock .  (22)

	.  reduce 22


state 45
	StmtBlock : '{' StmtList . '}'  (24)
	StmtList : StmtList . Stmt  (25)
	SimpleStmt : .  (44)
	Receiver : .  (46)

	VOID  shift 12
	BOOL  shift 13
	INT  shift 14
	STRING  shift 15
	CLASS  shift 16
	NULL  shift 46
	THIS  shift 47
	WHILE  shift 48
	FOR  shift 49
	IF  shift 50
	RETURN  shift 51
	BREAK  shift 52
	NEW  shift 53
	PRINT  shift 54
	READ_INTEGER  shift 55
	READ_LINE  shift 56
	LITERAL  shift 57
	INSTANCEOF  shift 58
	PLUS_PLUS  shift 59
	MINUS_MINUS  shift 60
	NUMINSTANCES  shift 61
	'-'  shift 62
	'!'  shift 63
	'('  shift 64
	'{'  shift 41
	'}'  shift 65
	DO  shift 66
	IDENTIFIER  reduce 46
	';'  reduce 44

	VariableDef  goto 67
	Variable  goto 20
	Type  goto 33
	StmtBlock  goto 68
	Stmt  goto 69
	SimpleStmt  goto 70
	IfStmt  goto 71
	WhileStmt  goto 72
	ForStmt  goto 73
	ReturnStmt  goto 74
	PrintStmt  goto 75
	BreakStmt  goto 76
	GuardedIfStmt  goto 77
	GuardedDoStmt  goto 78
	Expr  goto 79
	LValue  goto 80
	Call  goto 81
	Receiver  goto 82
	Constant  goto 83


state 46
	Constant : NULL .  (83)

	.  reduce 83


state 47
	Expr : THIS .  (77)

	.  reduce 77


state 48
	WhileStmt : WHILE . '(' Expr ')' Stmt  (88)

	'('  shift 84
	.  error


state 49
	ForStmt : FOR . '(' SimpleStmt ';' Expr ';' SimpleStmt ')' Stmt  (89)

	'('  shift 85
	.  error


state 50
	GuardedIfStmt : IF . GuardedStmts FI  (38)
	IfStmt : IF . '(' Expr ')' Stmt ElseClause  (91)
	Receiver : .  (46)

	NULL  shift 46
	THIS  shift 47
	NEW  shift 53
	READ_INTEGER  shift 55
	READ_LINE  shift 56
	LITERAL  shift 57
	INSTANCEOF  shift 58
	PLUS_PLUS  shift 59
	MINUS_MINUS  shift 60
	NUMINSTANCES  shift 61
	'-'  shift 62
	'!'  shift 63
	'('  shift 86
	IDENTIFIER  reduce 46

	GuardedStmts  goto 87
	Expr  goto 88
	LValue  goto 89
	Call  goto 90
	Receiver  goto 82
	Constant  goto 83


state 51
	ReturnStmt : RETURN . Expr  (94)
	ReturnStmt : RETURN .  (95)
	Receiver : .  (46)

	NULL  shift 46
	THIS  shift 47
	NEW  shift 53
	READ_INTEGER  shift 55
	READ_LINE  shift 56
	LITERAL  shift 57
	INSTANCEOF  shift 58
	PLUS_PLUS  shift 59
	MINUS_MINUS  shift 60
	NUMINSTANCES  shift 61
	'-'  shift 62
	'!'  shift 63
	'('  shift 64
	IDENTIFIER  reduce 46
	';'  reduce 95

	Expr  goto 91
	LValue  goto 89
	Call  goto 90
	Receiver  goto 82
	Constant  goto 83


state 52
	BreakStmt : BREAK .  (90)

	.  reduce 90


state 53
	Expr : NEW . IDENTIFIER '(' ')'  (78)
	Expr : NEW . Type '[' Expr ']'  (79)

	VOID  shift 12
	BOOL  shift 13
	INT  shift 14
	STRING  shift 15
	CLASS  shift 16
	IDENTIFIER  shift 92
	.  error

	Type  goto 93


state 54
	PrintStmt : PRINT . '(' ExprList ')'  (96)

	'('  shift 94
	.  error


state 55
	Expr : READ_INTEGER . '(' ')'  (75)

	'('  shift 95
	.  error


state 56
	Expr : READ_LINE . '(' ')'  (76)

	'('  shift 96
	.  error


state 57
	Constant : LITERAL .  (82)

	.  reduce 82


state 58
	Expr : INSTANCEOF . '(' Expr ',' IDENTIFIER ')'  (80)

	'('  shift 97
	.  error


state 59
	Expr : PLUS_PLUS . Expr  (68)
	Receiver : .  (46)

	NULL  shift 46
	THIS  shift 47
	NEW  shift 53
	READ_INTEGER  shift 55
	READ_LINE  shift 56
	LITERAL  shift 57
	INSTANCEOF  shift 58
	PLUS_PLUS  shift 59
	MINUS_MINUS  shift 60
	NUMINSTANCES  shift 61
	'-'  shift 62
	'!'  shift 63
	'('  shift 64
	IDENTIFIER  reduce 46

	Expr  goto 98
	LValue  goto 89
	Call  goto 90
	Receiver  goto 82
	Constant  goto 83


state 60
	Expr : MINUS_MINUS . Expr  (70)
	Receiver : .  (46)

	NULL  shift 46
	THIS  shift 47
	NEW  shift 53
	READ_INTEGER  shift 55
	READ_LINE  shift 56
	LITERAL  shift 57
	INSTANCEOF  shift 58
	PLUS_PLUS  shift 59
	MINUS_MINUS  shift 60
	NUMINSTANCES  shift 61
	'-'  shift 62
	'!'  shift 63
	'('  shift 64
	IDENTIFIER  reduce 46

	Expr  goto 99
	LValue  goto 89
	Call  goto 90
	Receiver  goto 82
	Constant  goto 83


state 61
	Expr : NUMINSTANCES . '(' IDENTIFIER ')'  (71)

	'('  shift 100
	.  error


state 62
	Expr : '-' . Expr  (72)
	Receiver : .  (46)

	NULL  shift 46
	THIS  shift 47
	NEW  shift 53
	READ_INTEGER  shift 55
	READ_LINE  shift 56
	LITERAL  shift 57
	INSTANCEOF  shift 58
	PLUS_PLUS  shift 59
	MINUS_MINUS  shift 60
	NUMINSTANCES  shift 61
	'-'  shift 62
	'!'  shift 63
	'('  shift 64
	IDENTIFIER  reduce 46

	Expr  goto 101
	LValue  goto 89
	Call  goto 90
	Receiver  goto 82
	Constant  goto 83


state 63
	Expr : '!' . Expr  (73)
	Receiver : .  (46)

	NULL  shift 46
	THIS  shift 47
	NEW  shift 53
	READ_INTEGER  shift 55
	READ_LINE  shift 56
	LITERAL  shift 57
	INSTANCEOF  shift 58
	PLUS_PLUS  shift 59
	MINUS_MINUS  shift 60
	NUMINSTANCES  shift 61
	'-'  shift 62
	'!'  shift 63
	'('  shift 64
	IDENTIFIER  reduce 46

	Expr  goto 102
	LValue  goto 89
	Call  goto 90
	Receiver  goto 82
	Constant  goto 83


state 64
	Expr : '(' . Expr ')'  (66)
	Expr : '(' . CLASS IDENTIFIER ')' Expr  (81)
	Receiver : .  (46)

	CLASS  shift 103
	NULL  shift 46
	THIS  shift 47
	NEW  shift 53
	READ_INTEGER  shift 55
	READ_LINE  shift 56
	LITERAL  shift 57
	INSTANCEOF  shift 58
	PLUS_PLUS  shift 59
	MINUS_MINUS  shift 60
	NUMINSTANCES  shift 61
	'-'  shift 62
	'!'  shift 63
	'('  shift 64
	IDENTIFIER  reduce 46

	Expr  goto 104
	LValue  goto 89
	Call  goto 90
	Receiver  goto 82
	Constant  goto 83


state 65
	StmtBlock : '{' StmtList '}' .  (24)

	.  reduce 24


state 66
	GuardedDoStmt : DO . GuardedStmts OD  (39)
	Receiver : .  (46)

	NULL  shift 46
	THIS  shift 47
	NEW  shift 53
	READ_INTEGER  shift 55
	READ_LINE  shift 56
	LITERAL  shift 57
	INSTANCEOF  shift 58
	PLUS_PLUS  shift 59
	MINUS_MINUS  shift 60
	NUMINSTANCES  shift 61
	'-'  shift 62
	'!'  shift 63
	'('  shift 64
	IDENTIFIER  reduce 46

	GuardedStmts  goto 105
	Expr  goto 88
	LValue  goto 89
	Call  goto 90
	Receiver  goto 82
	Constant  goto 83


state 67
	Stmt : VariableDef .  (27)

	.  reduce 27


state 68
	Stmt : StmtBlock .  (35)

	.  reduce 35


state 69
	StmtList : StmtList Stmt .  (25)

	.  reduce 25


state 70
	Stmt : SimpleStmt . ';'  (28)

	';'  shift 106
	.  error


state 71
	Stmt : IfStmt .  (29)

	.  reduce 29


state 72
	Stmt : WhileStmt .  (30)

	.  reduce 30


state 73
	Stmt : ForStmt .  (31)

	.  reduce 31


state 74
	Stmt : ReturnStmt . ';'  (32)

	';'  shift 107
	.  error


state 75
	Stmt : PrintStmt . ';'  (33)

	';'  shift 108
	.  error


state 76
	Stmt : BreakStmt . ';'  (34)

	';'  shift 109
	.  error


state 77
	Stmt : GuardedIfStmt .  (36)

	.  reduce 36


state 78
	Stmt : GuardedDoStmt .  (37)

	.  reduce 37


state 79
	Receiver : Expr . '.'  (45)
	LValue : Expr . '[' Expr ']'  (48)
	Expr : Expr . '+' Expr  (53)
	Expr : Expr . '-' Expr  (54)
	Expr : Expr . '*' Expr  (55)
	Expr : Expr . '/' Expr  (56)
	Expr : Expr . '%' Expr  (57)
	Expr : Expr . EQUAL Expr  (58)
	Expr : Expr . NOT_EQUAL Expr  (59)
	Expr : Expr . '<' Expr  (60)
	Expr : Expr . '>' Expr  (61)
	Expr : Expr . LESS_EQUAL Expr  (62)
	Expr : Expr . GREATER_EQUAL Expr  (63)
	Expr : Expr . AND Expr  (64)
	Expr : Expr . OR Expr  (65)
	Expr : Expr . PLUS_PLUS  (67)
	Expr : Expr . MINUS_MINUS  (69)
	Expr : Expr . '?' Expr ':' Expr  (74)

	AND  shift 110
	OR  shift 111
	PLUS_PLUS  shift 112
	MINUS_MINUS  shift 113
	LESS_EQUAL  shift 114
	GREATER_EQUAL  shift 115
	EQUAL  shift 116
	NOT_EQUAL  shift 117
	'+'  shift 118
	'-'  shift 119
	'*'  shift 120
	'/'  shift 121
	'%'  shift 122
	'>'  shift 123
	'<'  shift 124
	'.'  shift 125
	'?'  shift 126
	'['  shift 127
	.  error


state 80
	SimpleStmt : LValue . '=' Expr  (42)
	Expr : LValue .  (50)

	'='  shift 128
	AND  reduce 50
	OR  reduce 50
	PLUS_PLUS  reduce 50
	MINUS_MINUS  reduce 50
	LESS_EQUAL  reduce 50
	GREATER_EQUAL  reduce 50
	EQUAL  reduce 50
	NOT_EQUAL  reduce 50
	'+'  reduce 50
	'-'  reduce 50
	'*'  reduce 50
	'/'  reduce 50
	'%'  reduce 50
	'>'  reduce 50
	'<'  reduce 50
	'.'  reduce 50
	'?'  reduce 50
	'['  reduce 50


state 81
	SimpleStmt : Call .  (43)
	Expr : Call .  (51)

	AND  reduce 51
	OR  reduce 51
	PLUS_PLUS  reduce 51
	MINUS_MINUS  reduce 51
	LESS_EQUAL  reduce 51
	GREATER_EQUAL  reduce 51
	EQUAL  reduce 51
	NOT_EQUAL  reduce 51
	'+'  reduce 51
	'-'  reduce 51
	'*'  reduce 51
	'/'  reduce 51
	'%'  reduce 51
	'>'  reduce 51
	'<'  reduce 51
	'.'  reduce 51
	'?'  reduce 51
	';'  reduce 43
	')'  reduce 43
	'['  reduce 51


state 82
	LValue : Receiver . IDENTIFIER  (47)
	Call : Receiver . IDENTIFIER '(' Actuals ')'  (49)

	IDENTIFIER  shift 129
	.  error


state 83
	Expr : Constant .  (52)

	.  reduce 52


state 84
	WhileStmt : WHILE '(' . Expr ')' Stmt  (88)
	Receiver : .  (46)

	NULL  shift 46
	THIS  shift 47
	NEW  shift 53
	READ_INTEGER  shift 55
	READ_LINE  shift 56
	LITERAL  shift 57
	INSTANCEOF  shift 58
	PLUS_PLUS  shift 59
	MINUS_MINUS  shift 60
	NUMINSTANCES  shift 61
	'-'  shift 62
	'!'  shift 63
	'('  shift 64
	IDENTIFIER  reduce 46

	Expr  goto 130
	LValue  goto 89
	Call  goto 90
	Receiver  goto 82
	Constant  goto 83


state 85
	ForStmt : FOR '(' . SimpleStmt ';' Expr ';' SimpleStmt ')' Stmt  (89)
	SimpleStmt : .  (44)
	Receiver : .  (46)

	NULL  shift 46
	THIS  shift 47
	NEW  shift 53
	READ_INTEGER  shift 55
	READ_LINE  shift 56
	LITERAL  shift 57
	INSTANCEOF  shift 58
	PLUS_PLUS  shift 59
	MINUS_MINUS  shift 60
	NUMINSTANCES  shift 61
	'-'  shift 62
	'!'  shift 63
	'('  shift 64
	IDENTIFIER  reduce 46
	';'  reduce 44

	SimpleStmt  goto 131
	Expr  goto 79
	LValue  goto 80
	Call  goto 81
	Receiver  goto 82
	Constant  goto 83


state 86
	Expr : '(' . Expr ')'  (66)
	Expr : '(' . CLASS IDENTIFIER ')' Expr  (81)
	IfStmt : IF '(' . Expr ')' Stmt ElseClause  (91)
	Receiver : .  (46)

	CLASS  shift 103
	NULL  shift 46
	THIS  shift 47
	NEW  shift 53
	READ_INTEGER  shift 55
	READ_LINE  shift 56
	LITERAL  shift 57
	INSTANCEOF  shift 58
	PLUS_PLUS  shift 59
	MINUS_MINUS  shift 60
	NUMINSTANCES  shift 61
	'-'  shift 62
	'!'  shift 63
	'('  shift 64
	IDENTIFIER  reduce 46

	Expr  goto 132
	LValue  goto 89
	Call  goto 90
	Receiver  goto 82
	Constant  goto 83


state 87
	GuardedIfStmt : IF GuardedStmts . FI  (38)
	GuardedStmts : GuardedStmts . GUARD Expr ':' Stmt  (40)

	GUARD  shift 133
	FI  shift 134
	.  error


state 88
	GuardedStmts : Expr . ':' Stmt  (41)
	Receiver : Expr . '.'  (45)
	LValue : Expr . '[' Expr ']'  (48)
	Expr : Expr . '+' Expr  (53)
	Expr : Expr . '-' Expr  (54)
	Expr : Expr . '*' Expr  (55)
	Expr : Expr . '/' Expr  (56)
	Expr : Expr . '%' Expr  (57)
	Expr : Expr . EQUAL Expr  (58)
	Expr : Expr . NOT_EQUAL Expr  (59)
	Expr : Expr . '<' Expr  (60)
	Expr : Expr . '>' Expr  (61)
	Expr : Expr . LESS_EQUAL Expr  (62)
	Expr : Expr . GREATER_EQUAL Expr  (63)
	Expr : Expr . AND Expr  (64)
	Expr : Expr . OR Expr  (65)
	Expr : Expr . PLUS_PLUS  (67)
	Expr : Expr . MINUS_MINUS  (69)
	Expr : Expr . '?' Expr ':' Expr  (74)

	AND  shift 110
	OR  shift 111
	PLUS_PLUS  shift 112
	MINUS_MINUS  shift 113
	LESS_EQUAL  shift 114
	GREATER_EQUAL  shift 115
	EQUAL  shift 116
	NOT_EQUAL  shift 117
	'+'  shift 118
	'-'  shift 119
	'*'  shift 120
	'/'  shift 121
	'%'  shift 122
	'>'  shift 123
	'<'  shift 124
	'.'  shift 125
	'?'  shift 126
	':'  shift 135
	'['  shift 127
	.  error


state 89
	Expr : LValue .  (50)

	.  reduce 50


state 90
	Expr : Call .  (51)

	.  reduce 51


state 91
	Receiver : Expr . '.'  (45)
	LValue : Expr . '[' Expr ']'  (48)
	Expr : Expr . '+' Expr  (53)
	Expr : Expr . '-' Expr  (54)
	Expr : Expr . '*' Expr  (55)
	Expr : Expr . '/' Expr  (56)
	Expr : Expr . '%' Expr  (57)
	Expr : Expr . EQUAL Expr  (58)
	Expr : Expr . NOT_EQUAL Expr  (59)
	Expr : Expr . '<' Expr  (60)
	Expr : Expr . '>' Expr  (61)
	Expr : Expr . LESS_EQUAL Expr  (62)
	Expr : Expr . GREATER_EQUAL Expr  (63)
	Expr : Expr . AND Expr  (64)
	Expr : Expr . OR Expr  (65)
	Expr : Expr . PLUS_PLUS  (67)
	Expr : Expr . MINUS_MINUS  (69)
	Expr : Expr . '?' Expr ':' Expr  (74)
	ReturnStmt : RETURN Expr .  (94)

	AND  shift 110
	OR  shift 111
	PLUS_PLUS  shift 112
	MINUS_MINUS  shift 113
	LESS_EQUAL  shift 114
	GREATER_EQUAL  shift 115
	EQUAL  shift 116
	NOT_EQUAL  shift 117
	'+'  shift 118
	'-'  shift 119
	'*'  shift 120
	'/'  shift 121
	'%'  shift 122
	'>'  shift 123
	'<'  shift 124
	'.'  shift 125
	'?'  shift 126
	'['  shift 127
	';'  reduce 94


state 92
	Expr : NEW IDENTIFIER . '(' ')'  (78)

	'('  shift 136
	.  error


state 93
	Type : Type . '[' ']'  (11)
	Expr : NEW Type . '[' Expr ']'  (79)

	'['  shift 137
	.  error


state 94
	PrintStmt : PRINT '(' . ExprList ')'  (96)
	Receiver : .  (46)

	NULL  shift 46
	THIS  shift 47
	NEW  shift 53
	READ_INTEGER  shift 55
	READ_LINE  shift 56
	LITERAL  shift 57
	INSTANCEOF  shift 58
	PLUS_PLUS  shift 59
	MINUS_MINUS  shift 60
	NUMINSTANCES  shift 61
	'-'  shift 62
	'!'  shift 63
	'('  shift 64
	IDENTIFIER  reduce 46

	Expr  goto 138
	LValue  goto 89
	Call  goto 90
	Receiver  goto 82
	Constant  goto 83
	ExprList  goto 139


state 95
	Expr : READ_INTEGER '(' . ')'  (75)

	')'  shift 140
	.  error


state 96
	Expr : READ_LINE '(' . ')'  (76)

	')'  shift 141
	.  error


state 97
	Expr : INSTANCEOF '(' . Expr ',' IDENTIFIER ')'  (80)
	Receiver : .  (46)

	NULL  shift 46
	THIS  shift 47
	NEW  shift 53
	READ_INTEGER  shift 55
	READ_LINE  shift 56
	LITERAL  shift 57
	INSTANCEOF  shift 58
	PLUS_PLUS  shift 59
	MINUS_MINUS  shift 60
	NUMINSTANCES  shift 61
	'-'  shift 62
	'!'  shift 63
	'('  shift 64
	IDENTIFIER  reduce 46

	Expr  goto 142
	LValue  goto 89
	Call  goto 90
	Receiver  goto 82
	Constant  goto 83


state 98
	Receiver : Expr . '.'  (45)
	LValue : Expr . '[' Expr ']'  (48)
	Expr : Expr . '+' Expr  (53)
	Expr : Expr . '-' Expr  (54)
	Expr : Expr . '*' Expr  (55)
	Expr : Expr . '/' Expr  (56)
	Expr : Expr . '%' Expr  (57)
	Expr : Expr . EQUAL Expr  (58)
	Expr : Expr . NOT_EQUAL Expr  (59)
	Expr : Expr . '<' Expr  (60)
	Expr : Expr . '>' Expr  (61)
	Expr : Expr . LESS_EQUAL Expr  (62)
	Expr : Expr . GREATER_EQUAL Expr  (63)
	Expr : Expr . AND Expr  (64)
	Expr : Expr . OR Expr  (65)
	Expr : Expr . PLUS_PLUS  (67)
	Expr : PLUS_PLUS Expr .  (68)
	Expr : Expr . MINUS_MINUS  (69)
	Expr : Expr . '?' Expr ':' Expr  (74)

	'.'  shift 125
	'['  shift 127
	AND  reduce 68
	OR  reduce 68
	LESS_EQUAL  reduce 68
	GREATER_EQUAL  reduce 68
	EQUAL  reduce 68
	NOT_EQUAL  reduce 68
	'+'  reduce 68
	'-'  reduce 68
	'*'  reduce 68
	'/'  reduce 68
	'%'  reduce 68
	'>'  reduce 68
	'<'  reduce 68
	'?'  reduce 68
	':'  reduce 68
	','  reduce 68
	';'  reduce 68
	')'  reduce 68
	']'  reduce 68


state 99
	Receiver : Expr . '.'  (45)
	LValue : Expr . '[' Expr ']'  (48)
	Expr : Expr . '+' Expr  (53)
	Expr : Expr . '-' Expr  (54)
	Expr : Expr . '*' Expr  (55)
	Expr : Expr . '/' Expr  (56)
	Expr : Expr . '%' Expr  (57)
	Expr : Expr . EQUAL Expr  (58)
	Expr : Expr . NOT_EQUAL Expr  (59)
	Expr : Expr . '<' Expr  (60)
	Expr : Expr . '>' Expr  (61)
	Expr : Expr . LESS_EQUAL Expr  (62)
	Expr : Expr . GREATER_EQUAL Expr  (63)
	Expr : Expr . AND Expr  (64)
	Expr : Expr . OR Expr  (65)
	Expr : Expr . PLUS_PLUS  (67)
	Expr : Expr . MINUS_MINUS  (69)
	Expr : MINUS_MINUS Expr .  (70)
	Expr : Expr . '?' Expr ':' Expr  (74)

	'.'  shift 125
	'['  shift 127
	AND  reduce 70
	OR  reduce 70
	LESS_EQUAL  reduce 70
	GREATER_EQUAL  reduce 70
	EQUAL  reduce 70
	NOT_EQUAL  reduce 70
	'+'  reduce 70
	'-'  reduce 70
	'*'  reduce 70
	'/'  reduce 70
	'%'  reduce 70
	'>'  reduce 70
	'<'  reduce 70
	'?'  reduce 70
	':'  reduce 70
	','  reduce 70
	';'  reduce 70
	')'  reduce 70
	']'  reduce 70


state 100
	Expr : NUMINSTANCES '(' . IDENTIFIER ')'  (71)

	IDENTIFIER  shift 143
	.  error


state 101
	Receiver : Expr . '.'  (45)
	LValue : Expr . '[' Expr ']'  (48)
	Expr : Expr . '+' Expr  (53)
	Expr : Expr . '-' Expr  (54)
	Expr : Expr . '*' Expr  (55)
	Expr : Expr . '/' Expr  (56)
	Expr : Expr . '%' Expr  (57)
	Expr : Expr . EQUAL Expr  (58)
	Expr : Expr . NOT_EQUAL Expr  (59)
	Expr : Expr . '<' Expr  (60)
	Expr : Expr . '>' Expr  (61)
	Expr : Expr . LESS_EQUAL Expr  (62)
	Expr : Expr . GREATER_EQUAL Expr  (63)
	Expr : Expr . AND Expr  (64)
	Expr : Expr . OR Expr  (65)
	Expr : Expr . PLUS_PLUS  (67)
	Expr : Expr . MINUS_MINUS  (69)
	Expr : '-' Expr .  (72)
	Expr : Expr . '?' Expr ':' Expr  (74)

	PLUS_PLUS  shift 112
	MINUS_MINUS  shift 113
	'.'  shift 125
	'['  shift 127
	AND  reduce 72
	OR  reduce 72
	LESS_EQUAL  reduce 72
	GREATER_EQUAL  reduce 72
	EQUAL  reduce 72
	NOT_EQUAL  reduce 72
	'+'  reduce 72
	'-'  reduce 72
	'*'  reduce 72
	'/'  reduce 72
	'%'  reduce 72
	'>'  reduce 72
	'<'  reduce 72
	'?'  reduce 72
	':'  reduce 72
	','  reduce 72
	';'  reduce 72
	')'  reduce 72
	']'  reduce 72


state 102
	Receiver : Expr . '.'  (45)
	LValue : Expr . '[' Expr ']'  (48)
	Expr : Expr . '+' Expr  (53)
	Expr : Expr . '-' Expr  (54)
	Expr : Expr . '*' Expr  (55)
	Expr : Expr . '/' Expr  (56)
	Expr : Expr . '%' Expr  (57)
	Expr : Expr . EQUAL Expr  (58)
	Expr : Expr . NOT_EQUAL Expr  (59)
	Expr : Expr . '<' Expr  (60)
	Expr : Expr . '>' Expr  (61)
	Expr : Expr . LESS_EQUAL Expr  (62)
	Expr : Expr . GREATER_EQUAL Expr  (63)
	Expr : Expr . AND Expr  (64)
	Expr : Expr . OR Expr  (65)
	Expr : Expr . PLUS_PLUS  (67)
	Expr : Expr . MINUS_MINUS  (69)
	Expr : '!' Expr .  (73)
	Expr : Expr . '?' Expr ':' Expr  (74)

	PLUS_PLUS  shift 112
	MINUS_MINUS  shift 113
	'.'  shift 125
	'['  shift 127
	AND  reduce 73
	OR  reduce 73
	LESS_EQUAL  reduce 73
	GREATER_EQUAL  reduce 73
	EQUAL  reduce 73
	NOT_EQUAL  reduce 73
	'+'  reduce 73
	'-'  reduce 73
	'*'  reduce 73
	'/'  reduce 73
	'%'  reduce 73
	'>'  reduce 73
	'<'  reduce 73
	'?'  reduce 73
	':'  reduce 73
	','  reduce 73
	';'  reduce 73
	')'  reduce 73
	']'  reduce 73


state 103
	Expr : '(' CLASS . IDENTIFIER ')' Expr  (81)

	IDENTIFIER  shift 144
	.  error


state 104
	Receiver : Expr . '.'  (45)
	LValue : Expr . '[' Expr ']'  (48)
	Expr : Expr . '+' Expr  (53)
	Expr : Expr . '-' Expr  (54)
	Expr : Expr . '*' Expr  (55)
	Expr : Expr . '/' Expr  (56)
	Expr : Expr . '%' Expr  (57)
	Expr : Expr . EQUAL Expr  (58)
	Expr : Expr . NOT_EQUAL Expr  (59)
	Expr : Expr . '<' Expr  (60)
	Expr : Expr . '>' Expr  (61)
	Expr : Expr . LESS_EQUAL Expr  (62)
	Expr : Expr . GREATER_EQUAL Expr  (63)
	Expr : Expr . AND Expr  (64)
	Expr : Expr . OR Expr  (65)
	Expr : '(' Expr . ')'  (66)
	Expr : Expr . PLUS_PLUS  (67)
	Expr : Expr . MINUS_MINUS  (69)
	Expr : Expr . '?' Expr ':' Expr  (74)

	AND  shift 110
	OR  shift 111
	PLUS_PLUS  shift 112
	MINUS_MINUS  shift 113
	LESS_EQUAL  shift 114
	GREATER_EQUAL  shift 115
	EQUAL  shift 116
	NOT_EQUAL  shift 117
	'+'  shift 118
	'-'  shift 119
	'*'  shift 120
	'/'  shift 121
	'%'  shift 122
	'>'  shift 123
	'<'  shift 124
	'.'  shift 125
	'?'  shift 126
	')'  shift 145
	'['  shift 127
	.  error


state 105
	GuardedDoStmt : DO GuardedStmts . OD  (39)
	GuardedStmts : GuardedStmts . GUARD Expr ':' Stmt  (40)

	GUARD  shift 133
	OD  shift 146
	.  error


state 106
	Stmt : SimpleStmt ';' .  (28)

	.  reduce 28


state 107
	Stmt : ReturnStmt ';' .  (32)

	.  reduce 32


state 108
	Stmt : PrintStmt ';' .  (33)

	.  reduce 33


state 109
	Stmt : BreakStmt ';' .  (34)

	.  reduce 34


state 110
	Expr : Expr AND . Expr  (64)
	Receiver : .  (46)

	NULL  shift 46
	THIS  shift 47
	NEW  shift 53
	READ_INTEGER  shift 55
	READ_LINE  shift 56
	LITERAL  shift 57
	INSTANCEOF  shift 58
	PLUS_PLUS  shift 59
	MINUS_MINUS  shift 60
	NUMINSTANCES  shift 61
	'-'  shift 62
	'!'  shift 63
	'('  shift 64
	IDENTIFIER  reduce 46

	Expr  goto 147
	LValue  goto 89
	Call  goto 90
	Receiver  goto 82
	Constant  goto 83


state 111
	Expr : Expr OR . Expr  (65)
	Receiver : .  (46)

	NULL  shift 46
	THIS  shift 47
	NEW  shift 53
	READ_INTEGER  shift 55
	READ_LINE  shift 56
	LITERAL  shift 57
	INSTANCEOF  shift 58
	PLUS_PLUS  shift 59
	MINUS_MINUS  shift 60
	NUMINSTANCES  shift 61
	'-'  shift 62
	'!'  shift 63
	'('  shift 64
	IDENTIFIER  reduce 46

	Expr  goto 148
	LValue  goto 89
	Call  goto 90
	Receiver  goto 82
	Constant  goto 83


state 112
	Expr : Expr PLUS_PLUS .  (67)

	.  reduce 67


state 113
	Expr : Expr MINUS_MINUS .  (69)

	.  reduce 69


state 114
	Expr : Expr LESS_EQUAL . Expr  (62)
	Receiver : .  (46)

	NULL  shift 46
	THIS  shift 47
	NEW  shift 53
	READ_INTEGER  shift 55
	READ_LINE  shift 56
	LITERAL  shift 57
	INSTANCEOF  shift 58
	PLUS_PLUS  shift 59
	MINUS_MINUS  shift 60
	NUMINSTANCES  shift 61
	'-'  shift 62
	'!'  shift 63
	'('  shift 64
	IDENTIFIER  reduce 46

	Expr  goto 149
	LValue  goto 89
	Call  goto 90
	Receiver  goto 82
	Constant  goto 83


state 115
	Expr : Expr GREATER_EQUAL . Expr  (63)
	Receiver : .  (46)

	NULL  shift 46
	THIS  shift 47
	NEW  shift 53
	READ_INTEGER  shift 55
	READ_LINE  shift 56
	LITERAL  shift 57
	INSTANCEOF  shift 58
	PLUS_PLUS  shift 59
	MINUS_MINUS  shift 60
	NUMINSTANCES  shift 61
	'-'  shift 62
	'!'  shift 63
	'('  shift 64
	IDENTIFIER  reduce 46

	Expr  goto 150
	LValue  goto 89
	Call  goto 90
	Receiver  goto 82
	Constant  goto 83


state 116
	Expr : Expr EQUAL . Expr  (58)
	Receiver : .  (46)

	NULL  shift 46
	THIS  shift 47
	NEW  shift 53
	READ_INTEGER  shift 55
	READ_LINE  shift 56
	LITERAL  shift 57
	INSTANCEOF  shift 58
	PLUS_PLUS  shift 59
	MINUS_MINUS  shift 60
	NUMINSTANCES  shift 61
	'-'  shift 62
	'!'  shift 63
	'('  shift 64
	IDENTIFIER  reduce 46

	Expr  goto 151
	LValue  goto 89
	Call  goto 90
	Receiver  goto 82
	Constant  goto 83


state 117
	Expr : Expr NOT_EQUAL . Expr  (59)
	Receiver : .  (46)

	NULL  shift 46
	THIS  shift 47
	NEW  shift 53
	READ_INTEGER  shift 55
	READ_LINE  shift 56
	LITERAL  shift 57
	INSTANCEOF  shift 58
	PLUS_PLUS  shift 59
	MINUS_MINUS  shift 60
	NUMINSTANCES  shift 61
	'-'  shift 62
	'!'  shift 63
	'('  shift 64
	IDENTIFIER  reduce 46

	Expr  goto 152
	LValue  goto 89
	Call  goto 90
	Receiver  goto 82
	Constant  goto 83


state 118
	Expr : Expr '+' . Expr  (53)
	Receiver : .  (46)

	NULL  shift 46
	THIS  shift 47
	NEW  shift 53
	READ_INTEGER  shift 55
	READ_LINE  shift 56
	LITERAL  shift 57
	INSTANCEOF  shift 58
	PLUS_PLUS  shift 59
	MINUS_MINUS  shift 60
	NUMINSTANCES  shift 61
	'-'  shift 62
	'!'  shift 63
	'('  shift 64
	IDENTIFIER  reduce 46

	Expr  goto 153
	LValue  goto 89
	Call  goto 90
	Receiver  goto 82
	Constant  goto 83


state 119
	Expr : Expr '-' . Expr  (54)
	Receiver : .  (46)

	NULL  shift 46
	THIS  shift 47
	NEW  shift 53
	READ_INTEGER  shift 55
	READ_LINE  shift 56
	LITERAL  shift 57
	INSTANCEOF  shift 58
	PLUS_PLUS  shift 59
	MINUS_MINUS  shift 60
	NUMINSTANCES  shift 61
	'-'  shift 62
	'!'  shift 63
	'('  shift 64
	IDENTIFIER  reduce 46

	Expr  goto 154
	LValue  goto 89
	Call  goto 90
	Receiver  goto 82
	Constant  goto 83


state 120
	Expr : Expr '*' . Expr  (55)
	Receiver : .  (46)

	NULL  shift 46
	THIS  shift 47
	NEW  shift 53
	READ_INTEGER  shift 55
	READ_LINE  shift 56
	LITERAL  shift 57
	INSTANCEOF  shift 58
	PLUS_PLUS  shift 59
	MINUS_MINUS  shift 60
	NUMINSTANCES  shift 61
	'-'  shift 62
	'!'  shift 63
	'('  shift 64
	IDENTIFIER  reduce 46

	Expr  goto 155
	LValue  goto 89
	Call  goto 90
	Receiver  goto 82
	Constant  goto 83


state 121
	Expr : Expr '/' . Expr  (56)
	Receiver : .  (46)

	NULL  shift 46
	THIS  shift 47
	NEW  shift 53
	READ_INTEGER  shift 55
	READ_LINE  shift 56
	LITERAL  shift 57
	INSTANCEOF  shift 58
	PLUS_PLUS  shift 59
	MINUS_MINUS  shift 60
	NUMINSTANCES  shift 61
	'-'  shift 62
	'!'  shift 63
	'('  shift 64
	IDENTIFIER  reduce 46

	Expr  goto 156
	LValue  goto 89
	Call  goto 90
	Receiver  goto 82
	Constant  goto 83


state 122
	Expr : Expr '%' . Expr  (57)
	Receiver : .  (46)

	NULL  shift 46
	THIS  shift 47
	NEW  shift 53
	READ_INTEGER  shift 55
	READ_LINE  shift 56
	LITERAL  shift 57
	INSTANCEOF  shift 58
	PLUS_PLUS  shift 59
	MINUS_MINUS  shift 60
	NUMINSTANCES  shift 61
	'-'  shift 62
	'!'  shift 63
	'('  shift 64
	IDENTIFIER  reduce 46

	Expr  goto 157
	LValue  goto 89
	Call  goto 90
	Receiver  goto 82
	Constant  goto 83


state 123
	Expr : Expr '>' . Expr  (61)
	Receiver : .  (46)

	NULL  shift 46
	THIS  shift 47
	NEW  shift 53
	READ_INTEGER  shift 55
	READ_LINE  shift 56
	LITERAL  shift 57
	INSTANCEOF  shift 58
	PLUS_PLUS  shift 59
	MINUS_MINUS  shift 60
	NUMINSTANCES  shift 61
	'-'  shift 62
	'!'  shift 63
	'('  shift 64
	IDENTIFIER  reduce 46

	Expr  goto 158
	LValue  goto 89
	Call  goto 90
	Receiver  goto 82
	Constant  goto 83


state 124
	Expr : Expr '<' . Expr  (60)
	Receiver : .  (46)

	NULL  shift 46
	THIS  shift 47
	NEW  shift 53
	READ_INTEGER  shift 55
	READ_LINE  shift 56
	LITERAL  shift 57
	INSTANCEOF  shift 58
	PLUS_PLUS  shift 59
	MINUS_MINUS  shift 60
	NUMINSTANCES  shift 61
	'-'  shift 62
	'!'  shift 63
	'('  shift 64
	IDENTIFIER  reduce 46

	Expr  goto 159
	LValue  goto 89
	Call  goto 90
	Receiver  goto 82
	Constant  goto 83


state 125
	Receiver : Expr '.' .  (45)

	.  reduce 45


state 126
	Expr : Expr '?' . Expr ':' Expr  (74)
	Receiver : .  (46)

	NULL  shift 46
	THIS  shift 47
	NEW  shift 53
	READ_INTEGER  shift 55
	READ_LINE  shift 56
	LITERAL  shift 57
	INSTANCEOF  shift 58
	PLUS_PLUS  shift 59
	MINUS_MINUS  shift 60
	NUMINSTANCES  shift 61
	'-'  shift 62
	'!'  shift 63
	'('  shift 64
	IDENTIFIER  reduce 46

	Expr  goto 160
	LValue  goto 89
	Call  goto 90
	Receiver  goto 82
	Constant  goto 83


state 127
	LValue : Expr '[' . Expr ']'  (48)
	Receiver : .  (46)

	NULL  shift 46
	THIS  shift 47
	NEW  shift 53
	READ_INTEGER  shift 55
	READ_LINE  shift 56
	LITERAL  shift 57
	INSTANCEOF  shift 58
	PLUS_PLUS  shift 59
	MINUS_MINUS  shift 60
	NUMINSTANCES  shift 61
	'-'  shift 62
	'!'  shift 63
	'('  shift 64
	IDENTIFIER  reduce 46

	Expr  goto 161
	LValue  goto 89
	Call  goto 90
	Receiver  goto 82
	Constant  goto 83


state 128
	SimpleStmt : LValue '=' . Expr  (42)
	Receiver : .  (46)

	NULL  shift 46
	THIS  shift 47
	NEW  shift 53
	READ_INTEGER  shift 55
	READ_LINE  shift 56
	LITERAL  shift 57
	INSTANCEOF  shift 58
	PLUS_PLUS  shift 59
	MINUS_MINUS  shift 60
	NUMINSTANCES  shift 61
	'-'  shift 62
	'!'  shift 63
	'('  shift 64
	IDENTIFIER  reduce 46

	Expr  goto 162
	LValue  goto 89
	Call  goto 90
	Receiver  goto 82
	Constant  goto 83


state 129
	LValue : Receiver IDENTIFIER .  (47)
	Call : Receiver IDENTIFIER . '(' Actuals ')'  (49)

	'('  shift 163
	AND  reduce 47
	OR  reduce 47
	PLUS_PLUS  reduce 47
	MINUS_MINUS  reduce 47
	LESS_EQUAL  reduce 47
	GREATER_EQUAL  reduce 47
	EQUAL  reduce 47
	NOT_EQUAL  reduce 47
	'+'  reduce 47
	'-'  reduce 47
	'*'  reduce 47
	'/'  reduce 47
	'%'  reduce 47
	'='  reduce 47
	'>'  reduce 47
	'<'  reduce 47
	'.'  reduce 47
	'?'  reduce 47
	':'  reduce 47
	','  reduce 47
	';'  reduce 47
	')'  reduce 47
	'['  reduce 47
	']'  reduce 47


state 130
	Receiver : Expr . '.'  (45)
	LValue : Expr . '[' Expr ']'  (48)
	Expr : Expr . '+' Expr  (53)
	Expr : Expr . '-' Expr  (54)
	Expr : Expr . '*' Expr  (55)
	Expr : Expr . '/' Expr  (56)
	Expr : Expr . '%' Expr  (57)
	Expr : Expr . EQUAL Expr  (58)
	Expr : Expr . NOT_EQUAL Expr  (59)
	Expr : Expr . '<' Expr  (60)
	Expr : Expr . '>' Expr  (61)
	Expr : Expr . LESS_EQUAL Expr  (62)
	Expr : Expr . GREATER_EQUAL Expr  (63)
	Expr : Expr . AND Expr  (64)
	Expr : Expr . OR Expr  (65)
	Expr : Expr . PLUS_PLUS  (67)
	Expr : Expr . MINUS_MINUS  (69)
	Expr : Expr . '?' Expr ':' Expr  (74)
	WhileStmt : WHILE '(' Expr . ')' Stmt  (88)

	AND  shift 110
	OR  shift 111
	PLUS_PLUS  shift 112
	MINUS_MINUS  shift 113
	LESS_EQUAL  shift 114
	GREATER_EQUAL  shift 115
	EQUAL  shift 116
	NOT_EQUAL  shift 117
	'+'  shift 118
	'-'  shift 119
	'*'  shift 120
	'/'  shift 121
	'%'  shift 122
	'>'  shift 123
	'<'  shift 124
	'.'  shift 125
	'?'  shift 126
	')'  shift 164
	'['  shift 127
	.  error


state 131
	ForStmt : FOR '(' SimpleStmt . ';' Expr ';' SimpleStmt ')' Stmt  (89)

	';'  shift 165
	.  error


state 132
	Receiver : Expr . '.'  (45)
	LValue : Expr . '[' Expr ']'  (48)
	Expr : Expr . '+' Expr  (53)
	Expr : Expr . '-' Expr  (54)
	Expr : Expr . '*' Expr  (55)
	Expr : Expr . '/' Expr  (56)
	Expr : Expr . '%' Expr  (57)
	Expr : Expr . EQUAL Expr  (58)
	Expr : Expr . NOT_EQUAL Expr  (59)
	Expr : Expr . '<' Expr  (60)
	Expr : Expr . '>' Expr  (61)
	Expr : Expr . LESS_EQUAL Expr  (62)
	Expr : Expr . GREATER_EQUAL Expr  (63)
	Expr : Expr . AND Expr  (64)
	Expr : Expr . OR Expr  (65)
	Expr : '(' Expr . ')'  (66)
	Expr : Expr . PLUS_PLUS  (67)
	Expr : Expr . MINUS_MINUS  (69)
	Expr : Expr . '?' Expr ':' Expr  (74)
	IfStmt : IF '(' Expr . ')' Stmt ElseClause  (91)

	AND  shift 110
	OR  shift 111
	PLUS_PLUS  shift 112
	MINUS_MINUS  shift 113
	LESS_EQUAL  shift 114
	GREATER_EQUAL  shift 115
	EQUAL  shift 116
	NOT_EQUAL  shift 117
	'+'  shift 118
	'-'  shift 119
	'*'  shift 120
	'/'  shift 121
	'%'  shift 122
	'>'  shift 123
	'<'  shift 124
	'.'  shift 125
	'?'  shift 126
	')'  shift 166
	'['  shift 127
	.  error


state 133
	GuardedStmts : GuardedStmts GUARD . Expr ':' Stmt  (40)
	Receiver : .  (46)

	NULL  shift 46
	THIS  shift 47
	NEW  shift 53
	READ_INTEGER  shift 55
	READ_LINE  shift 56
	LITERAL  shift 57
	INSTANCEOF  shift 58
	PLUS_PLUS  shift 59
	MINUS_MINUS  shift 60
	NUMINSTANCES  shift 61
	'-'  shift 62
	'!'  shift 63
	'('  shift 64
	IDENTIFIER  reduce 46

	Expr  goto 167
	LValue  goto 89
	Call  goto 90
	Receiver  goto 82
	Constant  goto 83


state 134
	GuardedIfStmt : IF GuardedStmts FI .  (38)

	.  reduce 38


state 135
	GuardedStmts : Expr ':' . Stmt  (41)
	SimpleStmt : .  (44)
	Receiver : .  (46)

	VOID  shift 12
	BOOL  shift 13
	INT  shift 14
	STRING  shift 15
	CLASS  shift 16
	NULL  shift 46
	THIS  shift 47
	WHILE  shift 48
	FOR  shift 49
	IF  shift 50
	RETURN  shift 51
	BREAK  shift 52
	NEW  shift 53
	PRINT  shift 54
	READ_INTEGER  shift 55
	READ_LINE  shift 56
	LITERAL  shift 57
	INSTANCEOF  shift 58
	PLUS_PLUS  shift 59
	MINUS_MINUS  shift 60
	NUMINSTANCES  shift 61
	'-'  shift 62
	'!'  shift 63
	'('  shift 64
	'{'  shift 41
	DO  shift 66
	IDENTIFIER  reduce 46
	';'  reduce 44

	VariableDef  goto 67
	Variable  goto 20
	Type  goto 33
	StmtBlock  goto 68
	Stmt  goto 168
	SimpleStmt  goto 70
	IfStmt  goto 71
	WhileStmt  goto 72
	ForStmt  goto 73
	ReturnStmt  goto 74
	PrintStmt  goto 75
	BreakStmt  goto 76
	GuardedIfStmt  goto 77
	GuardedDoStmt  goto 78
	Expr  goto 79
	LValue  goto 80
	Call  goto 81
	Receiver  goto 82
	Constant  goto 83


state 136
	Expr : NEW IDENTIFIER '(' . ')'  (78)

	')'  shift 169
	.  error


state 137
	Type : Type '[' . ']'  (11)
	Expr : NEW Type '[' . Expr ']'  (79)
	Receiver : .  (46)

	NULL  shift 46
	THIS  shift 47
	NEW  shift 53
	READ_INTEGER  shift 55
	READ_LINE  shift 56
	LITERAL  shift 57
	INSTANCEOF  shift 58
	PLUS_PLUS  shift 59
	MINUS_MINUS  shift 60
	NUMINSTANCES  shift 61
	'-'  shift 62
	'!'  shift 63
	'('  shift 64
	']'  shift 30
	IDENTIFIER  reduce 46

	Expr  goto 170
	LValue  goto 89
	Call  goto 90
	Receiver  goto 82
	Constant  goto 83


state 138
	Receiver : Expr . '.'  (45)
	LValue : Expr . '[' Expr ']'  (48)
	Expr : Expr . '+' Expr  (53)
	Expr : Expr . '-' Expr  (54)
	Expr : Expr . '*' Expr  (55)
	Expr : Expr . '/' Expr  (56)
	Expr : Expr . '%' Expr  (57)
	Expr : Expr . EQUAL Expr  (58)
	Expr : Expr . NOT_EQUAL Expr  (59)
	Expr : Expr . '<' Expr  (60)
	Expr : Expr . '>' Expr  (61)
	Expr : Expr . LESS_EQUAL Expr  (62)
	Expr : Expr . GREATER_EQUAL Expr  (63)
	Expr : Expr . AND Expr  (64)
	Expr : Expr . OR Expr  (65)
	Expr : Expr . PLUS_PLUS  (67)
	Expr : Expr . MINUS_MINUS  (69)
	Expr : Expr . '?' Expr ':' Expr  (74)
	ExprList : Expr .  (87)

	AND  shift 110
	OR  shift 111
	PLUS_PLUS  shift 112
	MINUS_MINUS  shift 113
	LESS_EQUAL  shift 114
	GREATER_EQUAL  shift 115
	EQUAL  shift 116
	NOT_EQUAL  shift 117
	'+'  shift 118
	'-'  shift 119
	'*'  shift 120
	'/'  shift 121
	'%'  shift 122
	'>'  shift 123
	'<'  shift 124
	'.'  shift 125
	'?'  shift 126
	'['  shift 127
	','  reduce 87
	')'  reduce 87


state 139
	ExprList : ExprList . ',' Expr  (86)
	PrintStmt : PRINT '(' ExprList . ')'  (96)

	','  shift 171
	')'  shift 172
	.  error


state 140
	Expr : READ_INTEGER '(' ')' .  (75)

	.  reduce 75


state 141
	Expr : READ_LINE '(' ')' .  (76)

	.  reduce 76


state 142
	Receiver : Expr . '.'  (45)
	LValue : Expr . '[' Expr ']'  (48)
	Expr : Expr . '+' Expr  (53)
	Expr : Expr . '-' Expr  (54)
	Expr : Expr . '*' Expr  (55)
	Expr : Expr . '/' Expr  (56)
	Expr : Expr . '%' Expr  (57)
	Expr : Expr . EQUAL Expr  (58)
	Expr : Expr . NOT_EQUAL Expr  (59)
	Expr : Expr . '<' Expr  (60)
	Expr : Expr . '>' Expr  (61)
	Expr : Expr . LESS_EQUAL Expr  (62)
	Expr : Expr . GREATER_EQUAL Expr  (63)
	Expr : Expr . AND Expr  (64)
	Expr : Expr . OR Expr  (65)
	Expr : Expr . PLUS_PLUS  (67)
	Expr : Expr . MINUS_MINUS  (69)
	Expr : Expr . '?' Expr ':' Expr  (74)
	Expr : INSTANCEOF '(' Expr . ',' IDENTIFIER ')'  (80)

	AND  shift 110
	OR  shift 111
	PLUS_PLUS  shift 112
	MINUS_MINUS  shift 113
	LESS_EQUAL  shift 114
	GREATER_EQUAL  shift 115
	EQUAL  shift 116
	NOT_EQUAL  shift 117
	'+'  shift 118
	'-'  shift 119
	'*'  shift 120
	'/'  shift 121
	'%'  shift 122
	'>'  shift 123
	'<'  shift 124
	'.'  shift 125
	'?'  shift 126
	','  shift 173
	'['  shift 127
	.  error


state 143
	Expr : NUMINSTANCES '(' IDENTIFIER . ')'  (71)

	')'  shift 174
	.  error


state 144
	Expr : '(' CLASS IDENTIFIER . ')' Expr  (81)

	')'  shift 175
	.  error


state 145
	Expr : '(' Expr ')' .  (66)

	.  reduce 66


state 146
	GuardedDoStmt : DO GuardedStmts OD .  (39)

	.  reduce 39


state 147
	Receiver : Expr . '.'  (45)
	LValue : Expr . '[' Expr ']'  (48)
	Expr : Expr . '+' Expr  (53)
	Expr : Expr . '-' Expr  (54)
	Expr : Expr . '*' Expr  (55)
	Expr : Expr . '/' Expr  (56)
	Expr : Expr . '%' Expr  (57)
	Expr : Expr . EQUAL Expr  (58)
	Expr : Expr . NOT_EQUAL Expr  (59)
	Expr : Expr . '<' Expr  (60)
	Expr : Expr . '>' Expr  (61)
	Expr : Expr . LESS_EQUAL Expr  (62)
	Expr : Expr . GREATER_EQUAL Expr  (63)
	Expr : Expr . AND Expr  (64)
	Expr : Expr AND Expr .  (64)
	Expr : Expr . OR Expr  (65)
	Expr : Expr . PLUS_PLUS  (67)
	Expr : Expr . MINUS_MINUS  (69)
	Expr : Expr . '?' Expr ':' Expr  (74)

	PLUS_PLUS  shift 112
	MINUS_MINUS  shift 113
	LESS_EQUAL  shift 114
	GREATER_EQUAL  shift 115
	EQUAL  shift 116
	NOT_EQUAL  shift 117
	'+'  shift 118
	'-'  shift 119
	'*'  shift 120
	'/'  shift 121
	'%'  shift 122
	'>'  shift 123
	'<'  shift 124
	'.'  shift 125
	'['  shift 127
	AND  reduce 64
	OR  reduce 64
	'?'  reduce 64
	':'  reduce 64
	','  reduce 64
	';'  reduce 64
	')'  reduce 64
	']'  reduce 64


state 148
	Receiver : Expr . '.'  (45)
	LValue : Expr . '[' Expr ']'  (48)
	Expr : Expr . '+' Expr  (53)
	Expr : Expr . '-' Expr  (54)
	Expr : Expr . '*' Expr  (55)
	Expr : Expr . '/' Expr  (56)
	Expr : Expr . '%' Expr  (57)
	Expr : Expr . EQUAL Expr  (58)
	Expr : Expr . NOT_EQUAL Expr  (59)
	Expr : Expr . '<' Expr  (60)
	Expr : Expr . '>' Expr  (61)
	Expr : Expr . LESS_EQUAL Expr  (62)
	Expr : Expr . GREATER_EQUAL Expr  (63)
	Expr : Expr . AND Expr  (64)
	Expr : Expr . OR Expr  (65)
	Expr : Expr OR Expr .  (65)
	Expr : Expr . PLUS_PLUS  (67)
	Expr : Expr . MINUS_MINUS  (69)
	Expr : Expr . '?' Expr ':' Expr  (74)

	AND  shift 110
	PLUS_PLUS  shift 112
	MINUS_MINUS  shift 113
	LESS_EQUAL  shift 114
	GREATER_EQUAL  shift 115
	EQUAL  shift 116
	NOT_EQUAL  shift 117
	'+'  shift 118
	'-'  shift 119
	'*'  shift 120
	'/'  shift 121
	'%'  shift 122
	'>'  shift 123
	'<'  shift 124
	'.'  shift 125
	'['  shift 127
	OR  reduce 65
	'?'  reduce 65
	':'  reduce 65
	','  reduce 65
	';'  reduce 65
	')'  reduce 65
	']'  reduce 65


state 149
	Receiver : Expr . '.'  (45)
	LValue : Expr . '[' Expr ']'  (48)
	Expr : Expr . '+' Expr  (53)
	Expr : Expr . '-' Expr  (54)
	Expr : Expr . '*' Expr  (55)
	Expr : Expr . '/' Expr  (56)
	Expr : Expr . '%' Expr  (57)
	Expr : Expr . EQUAL Expr  (58)
	Expr : Expr . NOT_EQUAL Expr  (59)
	Expr : Expr . '<' Expr  (60)
	Expr : Expr . '>' Expr  (61)
	Expr : Expr . LESS_EQUAL Expr  (62)
	Expr : Expr LESS_EQUAL Expr .  (62)
	Expr : Expr . GREATER_EQUAL Expr  (63)
	Expr : Expr . AND Expr  (64)
	Expr : Expr . OR Expr  (65)
	Expr : Expr . PLUS_PLUS  (67)
	Expr : Expr . MINUS_MINUS  (69)
	Expr : Expr . '?' Expr ':' Expr  (74)

	PLUS_PLUS  shift 112
	MINUS_MINUS  shift 113
	'+'  shift 118
	'-'  shift 119
	'*'  shift 120
	'/'  shift 121
	'%'  shift 122
	'.'  shift 125
	'['  shift 127
	AND  reduce 62
	OR  reduce 62
	EQUAL  reduce 62
	NOT_EQUAL  reduce 62
	'?'  reduce 62
	':'  reduce 62
	','  reduce 62
	';'  reduce 62
	')'  reduce 62
	']'  reduce 62


state 150
	Receiver : Expr . '.'  (45)
	LValue : Expr . '[' Expr ']'  (48)
	Expr : Expr . '+' Expr  (53)
	Expr : Expr . '-' Expr  (54)
	Expr : Expr . '*' Expr  (55)
	Expr : Expr . '/' Expr  (56)
	Expr : Expr . '%' Expr  (57)
	Expr : Expr . EQUAL Expr  (58)
	Expr : Expr . NOT_EQUAL Expr  (59)
	Expr : Expr . '<' Expr  (60)
	Expr : Expr . '>' Expr  (61)
	Expr : Expr . LESS_EQUAL Expr  (62)
	Expr : Expr . GREATER_EQUAL Expr  (63)
	Expr : Expr GREATER_EQUAL Expr .  (63)
	Expr : Expr . AND Expr  (64)
	Expr : Expr . OR Expr  (65)
	Expr : Expr . PLUS_PLUS  (67)
	Expr : Expr . MINUS_MINUS  (69)
	Expr : Expr . '?' Expr ':' Expr  (74)

	PLUS_PLUS  shift 112
	MINUS_MINUS  shift 113
	'+'  shift 118
	'-'  shift 119
	'*'  shift 120
	'/'  shift 121
	'%'  shift 122
	'.'  shift 125
	'['  shift 127
	AND  reduce 63
	OR  reduce 63
	EQUAL  reduce 63
	NOT_EQUAL  reduce 63
	'?'  reduce 63
	':'  reduce 63
	','  reduce 63
	';'  reduce 63
	')'  reduce 63
	']'  reduce 63


state 151
	Receiver : Expr . '.'  (45)
	LValue : Expr . '[' Expr ']'  (48)
	Expr : Expr . '+' Expr  (53)
	Expr : Expr . '-' Expr  (54)
	Expr : Expr . '*' Expr  (55)
	Expr : Expr . '/' Expr  (56)
	Expr : Expr . '%' Expr  (57)
	Expr : Expr . EQUAL Expr  (58)
	Expr : Expr EQUAL Expr .  (58)
	Expr : Expr . NOT_EQUAL Expr  (59)
	Expr : Expr . '<' Expr  (60)
	Expr : Expr . '>' Expr  (61)
	Expr : Expr . LESS_EQUAL Expr  (62)
	Expr : Expr . GREATER_EQUAL Expr  (63)
	Expr : Expr . AND Expr  (64)
	Expr : Expr . OR Expr  (65)
	Expr : Expr . PLUS_PLUS  (67)
	Expr : Expr . MINUS_MINUS  (69)
	Expr : Expr . '?' Expr ':' Expr  (74)

	PLUS_PLUS  shift 112
	MINUS_MINUS  shift 113
	LESS_EQUAL  shift 114
	GREATER_EQUAL  shift 115
	'+'  shift 118
	'-'  shift 119
	'*'  shift 120
	'/'  shift 121
	'%'  shift 122
	'>'  shift 123
	'<'  shift 124
	'.'  shift 125
	'['  shift 127
	AND  reduce 58
	OR  reduce 58
	'?'  reduce 58
	':'  reduce 58
	','  reduce 58
	';'  reduce 58
	')'  reduce 58
	']'  reduce 58


state 152
	Receiver : Expr . '.'  (45)
	LValue : Expr . '[' Expr ']'  (48)
	Expr : Expr . '+' Expr  (53)
	Expr : Expr . '-' Expr  (54)
	Expr : Expr . '*' Expr  (55)
	Expr : Expr . '/' Expr  (56)
	Expr : Expr . '%' Expr  (57)
	Expr : Expr . EQUAL Expr  (58)
	Expr : Expr . NOT_EQUAL Expr  (59)
	Expr : Expr NOT_EQUAL Expr .  (59)
	Expr : Expr . '<' Expr  (60)
	Expr : Expr . '>' Expr  (61)
	Expr : Expr . LESS_EQUAL Expr  (62)
	Expr : Expr . GREATER_EQUAL Expr  (63)
	Expr : Expr . AND Expr  (64)
	Expr : Expr . OR Expr  (65)
	Expr : Expr . PLUS_PLUS  (67)
	Expr : Expr . MINUS_MINUS  (69)
	Expr : Expr . '?' Expr ':' Expr  (74)

	PLUS_PLUS  shift 112
	MINUS_MINUS  shift 113
	LESS_EQUAL  shift 114
	GREATER_EQUAL  shift 115
	'+'  shift 118
	'-'  shift 119
	'*'  shift 120
	'/'  shift 121
	'%'  shift 122
	'>'  shift 123
	'<'  shift 124
	'.'  shift 125
	'['  shift 127
	AND  reduce 59
	OR  reduce 59
	'?'  reduce 59
	':'  reduce 59
	','  reduce 59
	';'  reduce 59
	')'  reduce 59
	']'  reduce 59


state 153
	Receiver : Expr . '.'  (45)
	LValue : Expr . '[' Expr ']'  (48)
	Expr : Expr . '+' Expr  (53)
	Expr : Expr '+' Expr .  (53)
	Expr : Expr . '-' Expr  (54)
	Expr : Expr . '*' Expr  (55)
	Expr : Expr . '/' Expr  (56)
	Expr : Expr . '%' Expr  (57)
	Expr : Expr . EQUAL Expr  (58)
	Expr : Expr . NOT_EQUAL Expr  (59)
	Expr : Expr . '<' Expr  (60)
	Expr : Expr . '>' Expr  (61)
	Expr : Expr . LESS_EQUAL Expr  (62)
	Expr : Expr . GREATER_EQUAL Expr  (63)
	Expr : Expr . AND Expr  (64)
	Expr : Expr . OR Expr  (65)
	Expr : Expr . PLUS_PLUS  (67)
	Expr : Expr . MINUS_MINUS  (69)
	Expr : Expr . '?' Expr ':' Expr  (74)

	PLUS_PLUS  shift 112
	MINUS_MINUS  shift 113
	'*'  shift 120
	'/'  shift 121
	'%'  shift 122
	'.'  shift 125
	'['  shift 127
	AND  reduce 53
	OR  reduce 53
	LESS_EQUAL  reduce 53
	GREATER_EQUAL  reduce 53
	EQUAL  reduce 53
	NOT_EQUAL  reduce 53
	'+'  reduce 53
	'-'  reduce 53
	'>'  reduce 53
	'<'  reduce 53
	'?'  reduce 53
	':'  reduce 53
	','  reduce 53
	';'  reduce 53
	')'  reduce 53
	']'  reduce 53


state 154
	Receiver : Expr . '.'  (45)
	LValue : Expr . '[' Expr ']'  (48)
	Expr : Expr . '+' Expr  (53)
	Expr : Expr . '-' Expr  (54)
	Expr : Expr '-' Expr .  (54)
	Expr : Expr . '*' Expr  (55)
	Expr : Expr . '/' Expr  (56)
	Expr : Expr . '%' Expr  (57)
	Expr : Expr . EQUAL Expr  (58)
	Expr : Expr . NOT_EQUAL Expr  (59)
	Expr : Expr . '<' Expr  (60)
	Expr : Expr . '>' Expr  (61)
	Expr : Expr . LESS_EQUAL Expr  (62)
	Expr : Expr . GREATER_EQUAL Expr  (63)
	Expr : Expr . AND Expr  (64)
	Expr : Expr . OR Expr  (65)
	Expr : Expr . PLUS_PLUS  (67)
	Expr : Expr . MINUS_MINUS  (69)
	Expr : Expr . '?' Expr ':' Expr  (74)

	PLUS_PLUS  shift 112
	MINUS_MINUS  shift 113
	'*'  shift 120
	'/'  shift 121
	'%'  shift 122
	'.'  shift 125
	'['  shift 127
	AND  reduce 54
	OR  reduce 54
	LESS_EQUAL  reduce 54
	GREATER_EQUAL  reduce 54
	EQUAL  reduce 54
	NOT_EQUAL  reduce 54
	'+'  reduce 54
	'-'  reduce 54
	'>'  reduce 54
	'<'  reduce 54
	'?'  reduce 54
	':'  reduce 54
	','  reduce 54
	';'  reduce 54
	')'  reduce 54
	']'  reduce 54


state 155
	Receiver : Expr . '.'  (45)
	LValue : Expr . '[' Expr ']'  (48)
	Expr : Expr . '+' Expr  (53)
	Expr : Expr . '-' Expr  (54)
	Expr : Expr . '*' Expr  (55)
	Expr : Expr '*' Expr .  (55)
	Expr : Expr . '/' Expr  (56)
	Expr : Expr . '%' Expr  (57)
	Expr : Expr . EQUAL Expr  (58)
	Expr : Expr . NOT_EQUAL Expr  (59)
	Expr : Expr . '<' Expr  (60)
	Expr : Expr . '>' Expr  (61)
	Expr : Expr . LESS_EQUAL Expr  (62)
	Expr : Expr . GREATER_EQUAL Expr  (63)
	Expr : Expr . AND Expr  (64)
	Expr : Expr . OR Expr  (65)
	Expr : Expr . PLUS_PLUS  (67)
	Expr : Expr . MINUS_MINUS  (69)
	Expr : Expr . '?' Expr ':' Expr  (74)

	PLUS_PLUS  shift 112
	MINUS_MINUS  shift 113
	'.'  shift 125
	'['  shift 127
	AND  reduce 55
	OR  reduce 55
	LESS_EQUAL  reduce 55
	GREATER_EQUAL  reduce 55
	EQUAL  reduce 55
	NOT_EQUAL  reduce 55
	'+'  reduce 55
	'-'  reduce 55
	'*'  reduce 55
	'/'  reduce 55
	'%'  reduce 55
	'>'  reduce 55
	'<'  reduce 55
	'?'  reduce 55
	':'  reduce 55
	','  reduce 55
	';'  reduce 55
	')'  reduce 55
	']'  reduce 55


state 156
	Receiver : Expr . '.'  (45)
	LValue : Expr . '[' Expr ']'  (48)
	Expr : Expr . '+' Expr  (53)
	Expr : Expr . '-' Expr  (54)
	Expr : Expr . '*' Expr  (55)
	Expr : Expr . '/' Expr  (56)
	Expr : Expr '/' Expr .  (56)
	Expr : Expr . '%' Expr  (57)
	Expr : Expr . EQUAL Expr  (58)
	Expr : Expr . NOT_EQUAL Expr  (59)
	Expr : Expr . '<' Expr  (60)
	Expr : Expr . '>' Expr  (61)
	Expr : Expr . LESS_EQUAL Expr  (62)
	Expr : Expr . GREATER_EQUAL Expr  (63)
	Expr : Expr . AND Expr  (64)
	Expr : Expr . OR Expr  (65)
	Expr : Expr . PLUS_PLUS  (67)
	Expr : Expr . MINUS_MINUS  (69)
	Expr : Expr . '?' Expr ':' Expr  (74)

	PLUS_PLUS  shift 112
	MINUS_MINUS  shift 113
	'.'  shift 125
	'['  shift 127
	AND  reduce 56
	OR  reduce 56
	LESS_EQUAL  reduce 56
	GREATER_EQUAL  reduce 56
	EQUAL  reduce 56
	NOT_EQUAL  reduce 56
	'+'  reduce 56
	'-'  reduce 56
	'*'  reduce 56
	'/'  reduce 56
	'%'  reduce 56
	'>'  reduce 56
	'<'  reduce 56
	'?'  reduce 56
	':'  reduce 56
	','  reduce 56
	';'  reduce 56
	')'  reduce 56
	']'  reduce 56


state 157
	Receiver : Expr . '.'  (45)
	LValue : Expr . '[' Expr ']'  (48)
	Expr : Expr . '+' Expr  (53)
	Expr : Expr . '-' Expr  (54)
	Expr : Expr . '*' Expr  (55)
	Expr : Expr . '/' Expr  (56)
	Expr : Expr . '%' Expr  (57)
	Expr : Expr '%' Expr .  (57)
	Expr : Expr . EQUAL Expr  (58)
	Expr : Expr . NOT_EQUAL Expr  (59)
	Expr : Expr . '<' Expr  (60)
	Expr : Expr . '>' Expr  (61)
	Expr : Expr . LESS_EQUAL Expr  (62)
	Expr : Expr . GREATER_EQUAL Expr  (63)
	Expr : Expr . AND Expr  (64)
	Expr : Expr . OR Expr  (65)
	Expr : Expr . PLUS_PLUS  (67)
	Expr : Expr . MINUS_MINUS  (69)
	Expr : Expr . '?' Expr ':' Expr  (74)

	PLUS_PLUS  shift 112
	MINUS_MINUS  shift 113
	'.'  shift 125
	'['  shift 127
	AND  reduce 57
	OR  reduce 57
	LESS_EQUAL  reduce 57
	GREATER_EQUAL  reduce 57
	EQUAL  reduce 57
	NOT_EQUAL  reduce 57
	'+'  reduce 57
	'-'  reduce 57
	'*'  reduce 57
	'/'  reduce 57
	'%'  reduce 57
	'>'  reduce 57
	'<'  reduce 57
	'?'  reduce 57
	':'  reduce 57
	','  reduce 57
	';'  reduce 57
	')'  reduce 57
	']'  reduce 57


state 158
	Receiver : Expr . '.'  (45)
	LValue : Expr . '[' Expr ']'  (48)
	Expr : Expr . '+' Expr  (53)
	Expr : Expr . '-' Expr  (54)
	Expr : Expr . '*' Expr  (55)
	Expr : Expr . '/' Expr  (56)
	Expr : Expr . '%' Expr  (57)
	Expr : Expr . EQUAL Expr  (58)
	Expr : Expr . NOT_EQUAL Expr  (59)
	Expr : Expr . '<' Expr  (60)
	Expr : Expr . '>' Expr  (61)
	Expr : Expr '>' Expr .  (61)
	Expr : Expr . LESS_EQUAL Expr  (62)
	Expr : Expr . GREATER_EQUAL Expr  (63)
	Expr : Expr . AND Expr  (64)
	Expr : Expr . OR Expr  (65)
	Expr : Expr . PLUS_PLUS  (67)
	Expr : Expr . MINUS_MINUS  (69)
	Expr : Expr . '?' Expr ':' Expr  (74)

	PLUS_PLUS  shift 112
	MINUS_MINUS  shift 113
	'+'  shift 118
	'-'  shift 119
	'*'  shift 120
	'/'  shift 121
	'%'  shift 122
	'.'  shift 125
	'['  shift 127
	AND  reduce 61
	OR  reduce 61
	EQUAL  reduce 61
	NOT_EQUAL  reduce 61
	'?'  reduce 61
	':'  reduce 61
	','  reduce 61
	';'  reduce 61
	')'  reduce 61
	']'  reduce 61


state 159
	Receiver : Expr . '.'  (45)
	LValue : Expr . '[' Expr ']'  (48)
	Expr : Expr . '+' Expr  (53)
	Expr : Expr . '-' Expr  (54)
	Expr : Expr . '*' Expr  (55)
	Expr : Expr . '/' Expr  (56)
	Expr : Expr . '%' Expr  (57)
	Expr : Expr . EQUAL Expr  (58)
	Expr : Expr . NOT_EQUAL Expr  (59)
	Expr : Expr . '<' Expr  (60)
	Expr : Expr '<' Expr .  (60)
	Expr : Expr . '>' Expr  (61)
	Expr : Expr . LESS_EQUAL Expr  (62)
	Expr : Expr . GREATER_EQUAL Expr  (63)
	Expr : Expr . AND Expr  (64)
	Expr : Expr . OR Expr  (65)
	Expr : Expr . PLUS_PLUS  (67)
	Expr : Expr . MINUS_MINUS  (69)
	Expr : Expr . '?' Expr ':' Expr  (74)

	PLUS_PLUS  shift 112
	MINUS_MINUS  shift 113
	'+'  shift 118
	'-'  shift 119
	'*'  shift 120
	'/'  shift 121
	'%'  shift 122
	'.'  shift 125
	'['  shift 127
	AND  reduce 60
	OR  reduce 60
	EQUAL  reduce 60
	NOT_EQUAL  reduce 60
	'?'  reduce 60
	':'  reduce 60
	','  reduce 60
	';'  reduce 60
	')'  reduce 60
	']'  reduce 60


state 160
	Receiver : Expr . '.'  (45)
	LValue : Expr . '[' Expr ']'  (48)
	Expr : Expr . '+' Expr  (53)
	Expr : Expr . '-' Expr  (54)
	Expr : Expr . '*' Expr  (55)
	Expr : Expr . '/' Expr  (56)
	Expr : Expr . '%' Expr  (57)
	Expr : Expr . EQUAL Expr  (58)
	Expr : Expr . NOT_EQUAL Expr  (59)
	Expr : Expr . '<' Expr  (60)
	Expr : Expr . '>' Expr  (61)
	Expr : Expr . LESS_EQUAL Expr  (62)
	Expr : Expr . GREATER_EQUAL Expr  (63)
	Expr : Expr . AND Expr  (64)
	Expr : Expr . OR Expr  (65)
	Expr : Expr . PLUS_PLUS  (67)
	Expr : Expr . MINUS_MINUS  (69)
	Expr : Expr . '?' Expr ':' Expr  (74)
	Expr : Expr '?' Expr . ':' Expr  (74)

	AND  shift 110
	OR  shift 111
	PLUS_PLUS  shift 112
	MINUS_MINUS  shift 113
	LESS_EQUAL  shift 114
	GREATER_EQUAL  shift 115
	EQUAL  shift 116
	NOT_EQUAL  shift 117
	'+'  shift 118
	'-'  shift 119
	'*'  shift 120
	'/'  shift 121
	'%'  shift 122
	'>'  shift 123
	'<'  shift 124
	'.'  shift 125
	'?'  shift 126
	':'  shift 176
	'['  shift 127
	.  error


state 161
	Receiver : Expr . '.'  (45)
	LValue : Expr . '[' Expr ']'  (48)
	LValue : Expr '[' Expr . ']'  (48)
	Expr : Expr . '+' Expr  (53)
	Expr : Expr . '-' Expr  (54)
	Expr : Expr . '*' Expr  (55)
	Expr : Expr . '/' Expr  (56)
	Expr : Expr . '%' Expr  (57)
	Expr : Expr . EQUAL Expr  (58)
	Expr : Expr . NOT_EQUAL Expr  (59)
	Expr : Expr . '<' Expr  (60)
	Expr : Expr . '>' Expr  (61)
	Expr : Expr . LESS_EQUAL Expr  (62)
	Expr : Expr . GREATER_EQUAL Expr  (63)
	Expr : Expr . AND Expr  (64)
	Expr : Expr . OR Expr  (65)
	Expr : Expr . PLUS_PLUS  (67)
	Expr : Expr . MINUS_MINUS  (69)
	Expr : Expr . '?' Expr ':' Expr  (74)

	AND  shift 110
	OR  shift 111
	PLUS_PLUS  shift 112
	MINUS_MINUS  shift 113
	LESS_EQUAL  shift 114
	GREATER_EQUAL  shift 115
	EQUAL  shift 116
	NOT_EQUAL  shift 117
	'+'  shift 118
	'-'  shift 119
	'*'  shift 120
	'/'  shift 121
	'%'  shift 122
	'>'  shift 123
	'<'  shift 124
	'.'  shift 125
	'?'  shift 126
	'['  shift 127
	']'  shift 177
	.  error


state 162
	SimpleStmt : LValue '=' Expr .  (42)
	Receiver : Expr . '.'  (45)
	LValue : Expr . '[' Expr ']'  (48)
	Expr : Expr . '+' Expr  (53)
	Expr : Expr . '-' Expr  (54)
	Expr : Expr . '*' Expr  (55)
	Expr : Expr . '/' Expr  (56)
	Expr : Expr . '%' Expr  (57)
	Expr : Expr . EQUAL Expr  (58)
	Expr : Expr . NOT_EQUAL Expr  (59)
	Expr : Expr . '<' Expr  (60)
	Expr : Expr . '>' Expr  (61)
	Expr : Expr . LESS_EQUAL Expr  (62)
	Expr : Expr . GREATER_EQUAL Expr  (63)
	Expr : Expr . AND Expr  (64)
	Expr : Expr . OR Expr  (65)
	Expr : Expr . PLUS_PLUS  (67)
	Expr : Expr . MINUS_MINUS  (69)
	Expr : Expr . '?' Expr ':' Expr  (74)

	AND  shift 110
	OR  shift 111
	PLUS_PLUS  shift 112
	MINUS_MINUS  shift 113
	LESS_EQUAL  shift 114
	GREATER_EQUAL  shift 115
	EQUAL  shift 116
	NOT_EQUAL  shift 117
	'+'  shift 118
	'-'  shift 119
	'*'  shift 120
	'/'  shift 121
	'%'  shift 122
	'>'  shift 123
	'<'  shift 124
	'.'  shift 125
	'?'  shift 126
	'['  shift 127
	';'  reduce 42
	')'  reduce 42


state 163
	Call : Receiver IDENTIFIER '(' . Actuals ')'  (49)
	Receiver : .  (46)
	Actuals : .  (85)

	NULL  shift 46
	THIS  shift 47
	NEW  shift 53
	READ_INTEGER  shift 55
	READ_LINE  shift 56
	LITERAL  shift 57
	INSTANCEOF  shift 58
	PLUS_PLUS  shift 59
	MINUS_MINUS  shift 60
	NUMINSTANCES  shift 61
	'-'  shift 62
	'!'  shift 63
	'('  shift 64
	IDENTIFIER  reduce 46
	')'  reduce 85

	Expr  goto 138
	LValue  goto 89
	Call  goto 90
	Receiver  goto 82
	Actuals  goto 178
	Constant  goto 83
	ExprList  goto 179


state 164
	WhileStmt : WHILE '(' Expr ')' . Stmt  (88)
	SimpleStmt : .  (44)
	Receiver : .  (46)

	VOID  shift 12
	BOOL  shift 13
	INT  shift 14
	STRING  shift 15
	CLASS  shift 16
	NULL  shift 46
	THIS  shift 47
	WHILE  shift 48
	FOR  shift 49
	IF  shift 50
	RETURN  shift 51
	BREAK  shift 52
	NEW  shift 53
	PRINT  shift 54
	READ_INTEGER  shift 55
	READ_LINE  shift 56
	LITERAL  shift 57
	INSTANCEOF  shift 58
	PLUS_PLUS  shift 59
	MINUS_MINUS  shift 60
	NUMINSTANCES  shift 61
	'-'  shift 62
	'!'  shift 63
	'('  shift 64
	'{'  shift 41
	DO  shift 66
	IDENTIFIER  reduce 46
	';'  reduce 44

	VariableDef  goto 67
	Variable  goto 20
	Type  goto 33
	StmtBlock  goto 68
	Stmt  goto 180
	SimpleStmt  goto 70
	IfStmt  goto 71
	WhileStmt  goto 72
	ForStmt  goto 73
	ReturnStmt  goto 74
	PrintStmt  goto 75
	BreakStmt  goto 76
	GuardedIfStmt  goto 77
	GuardedDoStmt  goto 78
	Expr  goto 79
	LValue  goto 80
	Call  goto 81
	Receiver  goto 82
	Constant  goto 83


state 165
	ForStmt : FOR '(' SimpleStmt ';' . Expr ';' SimpleStmt ')' Stmt  (89)
	Receiver : .  (46)

	NULL  shift 46
	THIS  shift 47
	NEW  shift 53
	READ_INTEGER  shift 55
	READ_LINE  shift 56
	LITERAL  shift 57
	INSTANCEOF  shift 58
	PLUS_PLUS  shift 59
	MINUS_MINUS  shift 60
	NUMINSTANCES  shift 61
	'-'  shift 62
	'!'  shift 63
	'('  shift 64
	IDENTIFIER  reduce 46

	Expr  goto 181
	LValue  goto 89
	Call  goto 90
	Receiver  goto 82
	Constant  goto 83


state 166
	Expr : '(' Expr ')' .  (66)
	IfStmt : IF '(' Expr ')' . Stmt ElseClause  (91)
	SimpleStmt : .  (44)
	Receiver : .  (46)

	VOID  shift 12
	BOOL  shift 13
	INT  shift 14
	STRING  shift 15
	CLASS  shift 16
	NULL  shift 46
	THIS  shift 47
	WHILE  shift 48
	FOR  shift 49
	IF  shift 50
	RETURN  shift 51
	BREAK  shift 52
	NEW  shift 53
	PRINT  shift 54
	READ_INTEGER  shift 55
	READ_LINE  shift 56
	LITERAL  shift 57
	INSTANCEOF  shift 58
	NUMINSTANCES  shift 61
	'!'  shift 63
	'('  shift 64
	'{'  shift 41
	DO  shift 66
	IDENTIFIER  reduce 46
	AND  reduce 66
	OR  reduce 66
	PLUS_PLUS  reduce 66
	MINUS_MINUS  reduce 66
	LESS_EQUAL  reduce 66
	GREATER_EQUAL  reduce 66
	EQUAL  reduce 66
	NOT_EQUAL  reduce 66
	'+'  reduce 66
	'-'  reduce 66
	'*'  reduce 66
	'/'  reduce 66
	'%'  reduce 66
	'>'  reduce 66
	'<'  reduce 66
	'.'  reduce 66
	'?'  reduce 66
	':'  reduce 66
	';'  reduce 44
	'['  reduce 66

	VariableDef  goto 67
	Variable  goto 20
	Type  goto 33
	StmtBlock  goto 68
	Stmt  goto 182
	SimpleStmt  goto 70
	IfStmt  goto 71
	WhileStmt  goto 72
	ForStmt  goto 73
	ReturnStmt  goto 74
	PrintStmt  goto 75
	BreakStmt  goto 76
	GuardedIfStmt  goto 77
	GuardedDoStmt  goto 78
	Expr  goto 79
	LValue  goto 80
	Call  goto 81
	Receiver  goto 82
	Constant  goto 83


state 167
	GuardedStmts : GuardedStmts GUARD Expr . ':' Stmt  (40)
	Receiver : Expr . '.'  (45)
	LValue : Expr . '[' Expr ']'  (48)
	Expr : Expr . '+' Expr  (53)
	Expr : Expr . '-' Expr  (54)
	Expr : Expr . '*' Expr  (55)
	Expr : Expr . '/' Expr  (56)
	Expr : Expr . '%' Expr  (57)
	Expr : Expr . EQUAL Expr  (58)
	Expr : Expr . NOT_EQUAL Expr  (59)
	Expr : Expr . '<' Expr  (60)
	Expr : Expr . '>' Expr  (61)
	Expr : Expr . LESS_EQUAL Expr  (62)
	Expr : Expr . GREATER_EQUAL Expr  (63)
	Expr : Expr . AND Expr  (64)
	Expr : Expr . OR Expr  (65)
	Expr : Expr . PLUS_PLUS  (67)
	Expr : Expr . MINUS_MINUS  (69)
	Expr : Expr . '?' Expr ':' Expr  (74)

	AND  shift 110
	OR  shift 111
	PLUS_PLUS  shift 112
	MINUS_MINUS  shift 113
	LESS_EQUAL  shift 114
	GREATER_EQUAL  shift 115
	EQUAL  shift 116
	NOT_EQUAL  shift 117
	'+'  shift 118
	'-'  shift 119
	'*'  shift 120
	'/'  shift 121
	'%'  shift 122
	'>'  shift 123
	'<'  shift 124
	'.'  shift 125
	'?'  shift 126
	':'  shift 183
	'['  shift 127
	.  error


state 168
	GuardedStmts : Expr ':' Stmt .  (41)

	.  reduce 41


state 169
	Expr : NEW IDENTIFIER '(' ')' .  (78)

	.  reduce 78


state 170
	Receiver : Expr . '.'  (45)
	LValue : Expr . '[' Expr ']'  (48)
	Expr : Expr . '+' Expr  (53)
	Expr : Expr . '-' Expr  (54)
	Expr : Expr . '*' Expr  (55)
	Expr : Expr . '/' Expr  (56)
	Expr : Expr . '%' Expr  (57)
	Expr : Expr . EQUAL Expr  (58)
	Expr : Expr . NOT_EQUAL Expr  (59)
	Expr : Expr . '<' Expr  (60)
	Expr : Expr . '>' Expr  (61)
	Expr : Expr . LESS_EQUAL Expr  (62)
	Expr : Expr . GREATER_EQUAL Expr  (63)
	Expr : Expr . AND Expr  (64)
	Expr : Expr . OR Expr  (65)
	Expr : Expr . PLUS_PLUS  (67)
	Expr : Expr . MINUS_MINUS  (69)
	Expr : Expr . '?' Expr ':' Expr  (74)
	Expr : NEW Type '[' Expr . ']'  (79)

	AND  shift 110
	OR  shift 111
	PLUS_PLUS  shift 112
	MINUS_MINUS  shift 113
	LESS_EQUAL  shift 114
	GREATER_EQUAL  shift 115
	EQUAL  shift 116
	NOT_EQUAL  shift 117
	'+'  shift 118
	'-'  shift 119
	'*'  shift 120
	'/'  shift 121
	'%'  shift 122
	'>'  shift 123
	'<'  shift 124
	'.'  shift 125
	'?'  shift 126
	'['  shift 127
	']'  shift 184
	.  error


state 171
	ExprList : ExprList ',' . Expr  (86)
	Receiver : .  (46)

	NULL  shift 46
	THIS  shift 47
	NEW  shift 53
	READ_INTEGER  shift 55
	READ_LINE  shift 56
	LITERAL  shift 57
	INSTANCEOF  shift 58
	PLUS_PLUS  shift 59
	MINUS_MINUS  shift 60
	NUMINSTANCES  shift 61
	'-'  shift 62
	'!'  shift 63
	'('  shift 64
	IDENTIFIER  reduce 46

	Expr  goto 185
	LValue  goto 89
	Call  goto 90
	Receiver  goto 82
	Constant  goto 83


state 172
	PrintStmt : PRINT '(' ExprList ')' .  (96)

	.  reduce 96


state 173
	Expr : INSTANCEOF '(' Expr ',' . IDENTIFIER ')'  (80)

	IDENTIFIER  shift 186
	.  error


state 174
	Expr : NUMINSTANCES '(' IDENTIFIER ')' .  (71)

	.  reduce 71


state 175
	Expr : '(' CLASS IDENTIFIER ')' . Expr  (81)
	Receiver : .  (46)

	NULL  shift 46
	THIS  shift 47
	NEW  shift 53
	READ_INTEGER  shift 55
	READ_LINE  shift 56
	LITERAL  shift 57
	INSTANCEOF  shift 58
	PLUS_PLUS  shift 59
	MINUS_MINUS  shift 60
	NUMINSTANCES  shift 61
	'-'  shift 62
	'!'  shift 63
	'('  shift 64
	IDENTIFIER  reduce 46

	Expr  goto 187
	LValue  goto 89
	Call  goto 90
	Receiver  goto 82
	Constant  goto 83


state 176
	Expr : Expr '?' Expr ':' . Expr  (74)
	Receiver : .  (46)

	NULL  shift 46
	THIS  shift 47
	NEW  shift 53
	READ_INTEGER  shift 55
	READ_LINE  shift 56
	LITERAL  shift 57
	INSTANCEOF  shift 58
	PLUS_PLUS  shift 59
	MINUS_MINUS  shift 60
	NUMINSTANCES  shift 61
	'-'  shift 62
	'!'  shift 63
	'('  shift 64
	IDENTIFIER  reduce 46

	Expr  goto 188
	LValue  goto 89
	Call  goto 90
	Receiver  goto 82
	Constant  goto 83


state 177
	LValue : Expr '[' Expr ']' .  (48)

	.  reduce 48


state 178
	Call : Receiver IDENTIFIER '(' Actuals . ')'  (49)

	')'  shift 189
	.  error


state 179
	Actuals : ExprList .  (84)
	ExprList : ExprList . ',' Expr  (86)

	','  shift 171
	')'  reduce 84


state 180
	WhileStmt : WHILE '(' Expr ')' Stmt .  (88)

	.  reduce 88


state 181
	Receiver : Expr . '.'  (45)
	LValue : Expr . '[' Expr ']'  (48)
	Expr : Expr . '+' Expr  (53)
	Expr : Expr . '-' Expr  (54)
	Expr : Expr . '*' Expr  (55)
	Expr : Expr . '/' Expr  (56)
	Expr : Expr . '%' Expr  (57)
	Expr : Expr . EQUAL Expr  (58)
	Expr : Expr . NOT_EQUAL Expr  (59)
	Expr : Expr . '<' Expr  (60)
	Expr : Expr . '>' Expr  (61)
	Expr : Expr . LESS_EQUAL Expr  (62)
	Expr : Expr . GREATER_EQUAL Expr  (63)
	Expr : Expr . AND Expr  (64)
	Expr : Expr . OR Expr  (65)
	Expr : Expr . PLUS_PLUS  (67)
	Expr : Expr . MINUS_MINUS  (69)
	Expr : Expr . '?' Expr ':' Expr  (74)
	ForStmt : FOR '(' SimpleStmt ';' Expr . ';' SimpleStmt ')' Stmt  (89)

	AND  shift 110
	OR  shift 111
	PLUS_PLUS  shift 112
	MINUS_MINUS  shift 113
	LESS_EQUAL  shift 114
	GREATER_EQUAL  shift 115
	EQUAL  shift 116
	NOT_EQUAL  shift 117
	'+'  shift 118
	'-'  shift 119
	'*'  shift 120
	'/'  shift 121
	'%'  shift 122
	'>'  shift 123
	'<'  shift 124
	'.'  shift 125
	'?'  shift 126
	';'  shift 190
	'['  shift 127
	.  error


state 182
	IfStmt : IF '(' Expr ')' Stmt . ElseClause  (91)
	ElseClause : .  (93)

	ELSE  shift 191
	VOID  reduce 93
	BOOL  reduce 93
	INT  reduce 93
	STRING  reduce 93
	CLASS  reduce 93
	NULL  reduce 93
	THIS  reduce 93
	WHILE  reduce 93
	FOR  reduce 93
	IF  reduce 93
	RETURN  reduce 93
	BREAK  reduce 93
	NEW  reduce 93
	PRINT  reduce 93
	READ_INTEGER  reduce 93
	READ_LINE  reduce 93
	LITERAL  reduce 93
	IDENTIFIER  reduce 93
	INSTANCEOF  reduce 93
	PLUS_PLUS  reduce 93
	MINUS_MINUS  reduce 93
	GUARD  reduce 93
	NUMINSTANCES  reduce 93
	'-'  reduce 93
	';'  reduce 93
	'!'  reduce 93
	'('  reduce 93
	'{'  reduce 93
	'}'  reduce 93
	FI  reduce 93
	DO  reduce 93
	OD  reduce 93

	ElseClause  goto 192


state 183
	GuardedStmts : GuardedStmts GUARD Expr ':' . Stmt  (40)
	SimpleStmt : .  (44)
	Receiver : .  (46)

	VOID  shift 12
	BOOL  shift 13
	INT  shift 14
	STRING  shift 15
	CLASS  shift 16
	NULL  shift 46
	THIS  shift 47
	WHILE  shift 48
	FOR  shift 49
	IF  shift 50
	RETURN  shift 51
	BREAK  shift 52
	NEW  shift 53
	PRINT  shift 54
	READ_INTEGER  shift 55
	READ_LINE  shift 56
	LITERAL  shift 57
	INSTANCEOF  shift 58
	PLUS_PLUS  shift 59
	MINUS_MINUS  shift 60
	NUMINSTANCES  shift 61
	'-'  shift 62
	'!'  shift 63
	'('  shift 64
	'{'  shift 41
	DO  shift 66
	IDENTIFIER  reduce 46
	';'  reduce 44

	VariableDef  goto 67
	Variable  goto 20
	Type  goto 33
	StmtBlock  goto 68
	Stmt  goto 193
	SimpleStmt  goto 70
	IfStmt  goto 71
	WhileStmt  goto 72
	ForStmt  goto 73
	ReturnStmt  goto 74
	PrintStmt  goto 75
	BreakStmt  goto 76
	GuardedIfStmt  goto 77
	GuardedDoStmt  goto 78
	Expr  goto 79
	LValue  goto 80
	Call  goto 81
	Receiver  goto 82
	Constant  goto 83


state 184
	Expr : NEW Type '[' Expr ']' .  (79)

	.  reduce 79


state 185
	Receiver : Expr . '.'  (45)
	LValue : Expr . '[' Expr ']'  (48)
	Expr : Expr . '+' Expr  (53)
	Expr : Expr . '-' Expr  (54)
	Expr : Expr . '*' Expr  (55)
	Expr : Expr . '/' Expr  (56)
	Expr : Expr . '%' Expr  (57)
	Expr : Expr . EQUAL Expr  (58)
	Expr : Expr . NOT_EQUAL Expr  (59)
	Expr : Expr . '<' Expr  (60)
	Expr : Expr . '>' Expr  (61)
	Expr : Expr . LESS_EQUAL Expr  (62)
	Expr : Expr . GREATER_EQUAL Expr  (63)
	Expr : Expr . AND Expr  (64)
	Expr : Expr . OR Expr  (65)
	Expr : Expr . PLUS_PLUS  (67)
	Expr : Expr . MINUS_MINUS  (69)
	Expr : Expr . '?' Expr ':' Expr  (74)
	ExprList : ExprList ',' Expr .  (86)

	AND  shift 110
	OR  shift 111
	PLUS_PLUS  shift 112
	MINUS_MINUS  shift 113
	LESS_EQUAL  shift 114
	GREATER_EQUAL  shift 115
	EQUAL  shift 116
	NOT_EQUAL  shift 117
	'+'  shift 118
	'-'  shift 119
	'*'  shift 120
	'/'  shift 121
	'%'  shift 122
	'>'  shift 123
	'<'  shift 124
	'.'  shift 125
	'?'  shift 126
	'['  shift 127
	','  reduce 86
	')'  reduce 86


state 186
	Expr : INSTANCEOF '(' Expr ',' IDENTIFIER . ')'  (80)

	')'  shift 194
	.  error


state 187
	Receiver : Expr . '.'  (45)
	LValue : Expr . '[' Expr ']'  (48)
	Expr : Expr . '+' Expr  (53)
	Expr : Expr . '-' Expr  (54)
	Expr : Expr . '*' Expr  (55)
	Expr : Expr . '/' Expr  (56)
	Expr : Expr . '%' Expr  (57)
	Expr : Expr . EQUAL Expr  (58)
	Expr : Expr . NOT_EQUAL Expr  (59)
	Expr : Expr . '<' Expr  (60)
	Expr : Expr . '>' Expr  (61)
	Expr : Expr . LESS_EQUAL Expr  (62)
	Expr : Expr . GREATER_EQUAL Expr  (63)
	Expr : Expr . AND Expr  (64)
	Expr : Expr . OR Expr  (65)
	Expr : Expr . PLUS_PLUS  (67)
	Expr : Expr . MINUS_MINUS  (69)
	Expr : Expr . '?' Expr ':' Expr  (74)
	Expr : '(' CLASS IDENTIFIER ')' Expr .  (81)

	.  reduce 81


state 188
	Receiver : Expr . '.'  (45)
	LValue : Expr . '[' Expr ']'  (48)
	Expr : Expr . '+' Expr  (53)
	Expr : Expr . '-' Expr  (54)
	Expr : Expr . '*' Expr  (55)
	Expr : Expr . '/' Expr  (56)
	Expr : Expr . '%' Expr  (57)
	Expr : Expr . EQUAL Expr  (58)
	Expr : Expr . NOT_EQUAL Expr  (59)
	Expr : Expr . '<' Expr  (60)
	Expr : Expr . '>' Expr  (61)
	Expr : Expr . LESS_EQUAL Expr  (62)
	Expr : Expr . GREATER_EQUAL Expr  (63)
	Expr : Expr . AND Expr  (64)
	Expr : Expr . OR Expr  (65)
	Expr : Expr . PLUS_PLUS  (67)
	Expr : Expr . MINUS_MINUS  (69)
	Expr : Expr . '?' Expr ':' Expr  (74)
	Expr : Expr '?' Expr ':' Expr .  (74)

	AND  shift 110
	OR  shift 111
	PLUS_PLUS  shift 112
	MINUS_MINUS  shift 113
	LESS_EQUAL  shift 114
	GREATER_EQUAL  shift 115
	EQUAL  shift 116
	NOT_EQUAL  shift 117
	'+'  shift 118
	'-'  shift 119
	'*'  shift 120
	'/'  shift 121
	'%'  shift 122
	'>'  shift 123
	'<'  shift 124
	'.'  shift 125
	'['  shift 127
	':'  reduce 74
	','  reduce 74
	';'  reduce 74
	')'  reduce 74
	']'  reduce 74


state 189
	Call : Receiver IDENTIFIER '(' Actuals ')' .  (49)

	.  reduce 49


state 190
	ForStmt : FOR '(' SimpleStmt ';' Expr ';' . SimpleStmt ')' Stmt  (89)
	SimpleStmt : .  (44)
	Receiver : .  (46)

	NULL  shift 46
	THIS  shift 47
	NEW  shift 53
	READ_INTEGER  shift 55
	READ_LINE  shift 56
	LITERAL  shift 57
	INSTANCEOF  shift 58
	PLUS_PLUS  shift 59
	MINUS_MINUS  shift 60
	NUMINSTANCES  shift 61
	'-'  shift 62
	'!'  shift 63
	'('  shift 64
	IDENTIFIER  reduce 46
	')'  reduce 44

	SimpleStmt  goto 195
	Expr  goto 79
	LValue  goto 80
	Call  goto 81
	Receiver  goto 82
	Constant  goto 83


state 191
	ElseClause : ELSE . Stmt  (92)
	SimpleStmt : .  (44)
	Receiver : .  (46)

	VOID  shift 12
	BOOL  shift 13
	INT  shift 14
	STRING  shift 15
	CLASS  shift 16
	NULL  shift 46
	THIS  shift 47
	WHILE  shift 48
	FOR  shift 49
	IF  shift 50
	RETURN  shift 51
	BREAK  shift 52
	NEW  shift 53
	PRINT  shift 54
	READ_INTEGER  shift 55
	READ_LINE  shift 56
	LITERAL  shift 57
	INSTANCEOF  shift 58
	PLUS_PLUS  shift 59
	MINUS_MINUS  shift 60
	NUMINSTANCES  shift 61
	'-'  shift 62
	'!'  shift 63
	'('  shift 64
	'{'  shift 41
	DO  shift 66
	IDENTIFIER  reduce 46
	';'  reduce 44

	VariableDef  goto 67
	Variable  goto 20
	Type  goto 33
	StmtBlock  goto 68
	Stmt  goto 196
	SimpleStmt  goto 70
	IfStmt  goto 71
	WhileStmt  goto 72
	ForStmt  goto 73
	ReturnStmt  goto 74
	PrintStmt  goto 75
	BreakStmt  goto 76
	GuardedIfStmt  goto 77
	GuardedDoStmt  goto 78
	Expr  goto 79
	LValue  goto 80
	Call  goto 81
	Receiver  goto 82
	Constant  goto 83


state 192
	IfStmt : IF '(' Expr ')' Stmt ElseClause .  (91)

	.  reduce 91


state 193
	GuardedStmts : GuardedStmts GUARD Expr ':' Stmt .  (40)

	.  reduce 40


state 194
	Expr : INSTANCEOF '(' Expr ',' IDENTIFIER ')' .  (80)

	.  reduce 80


state 195
	ForStmt : FOR '(' SimpleStmt ';' Expr ';' SimpleStmt . ')' Stmt  (89)

	')'  shift 197
	.  error


state 196
	ElseClause : ELSE Stmt .  (92)

	.  reduce 92


state 197
	ForStmt : FOR '(' SimpleStmt ';' Expr ';' SimpleStmt ')' . Stmt  (89)
	SimpleStmt : .  (44)
	Receiver : .  (46)

	VOID  shift 12
	BOOL  shift 13
	INT  shift 14
	STRING  shift 15
	CLASS  shift 16
	NULL  shift 46
	THIS  shift 47
	WHILE  shift 48
	FOR  shift 49
	IF  shift 50
	RETURN  shift 51
	BREAK  shift 52
	NEW  shift 53
	PRINT  shift 54
	READ_INTEGER  shift 55
	READ_LINE  shift 56
	LITERAL  shift 57
	INSTANCEOF  shift 58
	PLUS_PLUS  shift 59
	MINUS_MINUS  shift 60
	NUMINSTANCES  shift 61
	'-'  shift 62
	'!'  shift 63
	'('  shift 64
	'{'  shift 41
	DO  shift 66
	IDENTIFIER  reduce 46
	';'  reduce 44

	VariableDef  goto 67
	Variable  goto 20
	Type  goto 33
	StmtBlock  goto 68
	Stmt  goto 198
	SimpleStmt  goto 70
	IfStmt  goto 71
	WhileStmt  goto 72
	ForStmt  goto 73
	ReturnStmt  goto 74
	PrintStmt  goto 75
	BreakStmt  goto 76
	GuardedIfStmt  goto 77
	GuardedDoStmt  goto 78
	Expr  goto 79
	LValue  goto 80
	Call  goto 81
	Receiver  goto 82
	Constant  goto 83


state 198
	ForStmt : FOR '(' SimpleStmt ';' Expr ';' SimpleStmt ')' Stmt .  (89)

	.  reduce 89


59 terminals, 33 nonterminals
97 grammar rules, 199 states
